{"/media/dominique/Development/E1N/helpy/server/controllers/auth.controller.ts": {"path":"/media/dominique/Development/E1N/helpy/server/controllers/auth.controller.ts","statementMap":{"0":{"start":{"line":2,"column":0},"end":{"line":2,"column":28}},"1":{"start":{"line":3,"column":0},"end":{"line":3,"column":42}},"2":{"start":{"line":4,"column":0},"end":{"line":4,"column":20}},"3":{"start":{"line":5,"column":0},"end":{"line":5,"column":24}},"4":{"start":{"line":7,"column":0},"end":{"line":7,"column":40}},"5":{"start":{"line":8,"column":0},"end":{"line":8,"column":40}},"6":{"start":{"line":9,"column":0},"end":{"line":9,"column":58}},"7":{"start":{"line":11,"column":15},"end":{"line":11,"column":33}},"8":{"start":{"line":13,"column":26},"end":{"line":13,"column":61}},"9":{"start":{"line":15,"column":2},"end":{"line":16,"column":3}},"10":{"start":{"line":18,"column":18},"end":{"line":22,"column":1}},"11":{"start":{"line":20,"column":4},"end":{"line":20,"column":72}},"12":{"start":{"line":21,"column":2},"end":{"line":21,"column":46}},"13":{"start":{"line":24,"column":22},"end":{"line":169,"column":1}},"14":{"start":{"line":29,"column":2},"end":{"line":168,"column":3}},"15":{"start":{"line":30,"column":22},"end":{"line":30,"column":53}},"16":{"start":{"line":31,"column":4},"end":{"line":31,"column":73}},"17":{"start":{"line":31,"column":15},"end":{"line":31,"column":73}},"18":{"start":{"line":42,"column":8},"end":{"line":42,"column":23}},"19":{"start":{"line":46,"column":20},"end":{"line":46,"column":35}},"20":{"start":{"line":48,"column":6},"end":{"line":53,"column":15}},"21":{"start":{"line":54,"column":26},"end":{"line":54,"column":74}},"22":{"start":{"line":59,"column":29},"end":{"line":59,"column":null}},"23":{"start":{"line":62,"column":4},"end":{"line":101,"column":5}},"24":{"start":{"line":63,"column":6},"end":{"line":100,"column":7}},"25":{"start":{"line":65,"column":25},"end":{"line":67,"column":43}},"26":{"start":{"line":68,"column":27},"end":{"line":72,"column":null}},"27":{"start":{"line":76,"column":10},"end":{"line":76,"column":74}},"28":{"start":{"line":77,"column":26},"end":{"line":79,"column":31}},"29":{"start":{"line":80,"column":25},"end":{"line":80,"column":56}},"30":{"start":{"line":81,"column":24},"end":{"line":81,"column":56}},"31":{"start":{"line":84,"column":28},"end":{"line":84,"column":35}},"32":{"start":{"line":85,"column":22},"end":{"line":85,"column":23}},"33":{"start":{"line":86,"column":8},"end":{"line":90,"column":9}},"34":{"start":{"line":87,"column":27},"end":{"line":87,"column":60}},"35":{"start":{"line":88,"column":10},"end":{"line":88,"column":80}},"36":{"start":{"line":89,"column":10},"end":{"line":89,"column":20}},"37":{"start":{"line":92,"column":8},"end":{"line":92,"column":46}},"38":{"start":{"line":93,"column":8},"end":{"line":93,"column":54}},"39":{"start":{"line":95,"column":8},"end":{"line":98,"column":10}},"40":{"start":{"line":103,"column":21},"end":{"line":103,"column":71}},"41":{"start":{"line":104,"column":4},"end":{"line":104,"column":69}},"42":{"start":{"line":104,"column":18},"end":{"line":104,"column":69}},"43":{"start":{"line":106,"column":25},"end":{"line":106,"column":52}},"44":{"start":{"line":108,"column":17},"end":{"line":120,"column":6}},"45":{"start":{"line":122,"column":24},"end":{"line":122,"column":52}},"46":{"start":{"line":123,"column":25},"end":{"line":123,"column":54}},"47":{"start":{"line":125,"column":22},"end":{"line":125,"column":32}},"48":{"start":{"line":126,"column":4},"end":{"line":126,"column":68}},"49":{"start":{"line":128,"column":4},"end":{"line":136,"column":7}},"50":{"start":{"line":138,"column":23},"end":{"line":138,"column":77}},"51":{"start":{"line":140,"column":22},"end":{"line":142,"column":12}},"52":{"start":{"line":144,"column":4},"end":{"line":165,"column":7}},"53":{"start":{"line":167,"column":4},"end":{"line":167,"column":16}},"54":{"start":{"line":24,"column":13},"end":{"line":24,"column":22}},"55":{"start":{"line":171,"column":22},"end":{"line":236,"column":1}},"56":{"start":{"line":176,"column":2},"end":{"line":235,"column":3}},"57":{"start":{"line":177,"column":22},"end":{"line":177,"column":53}},"58":{"start":{"line":178,"column":4},"end":{"line":178,"column":73}},"59":{"start":{"line":178,"column":15},"end":{"line":178,"column":73}},"60":{"start":{"line":180,"column":32},"end":{"line":180,"column":47}},"61":{"start":{"line":182,"column":17},"end":{"line":182,"column":67}},"62":{"start":{"line":184,"column":4},"end":{"line":184,"column":67}},"63":{"start":{"line":184,"column":15},"end":{"line":184,"column":67}},"64":{"start":{"line":186,"column":4},"end":{"line":188,"column":5}},"65":{"start":{"line":187,"column":6},"end":{"line":187,"column":61}},"66":{"start":{"line":190,"column":24},"end":{"line":190,"column":52}},"67":{"start":{"line":191,"column":25},"end":{"line":191,"column":54}},"68":{"start":{"line":193,"column":22},"end":{"line":193,"column":32}},"69":{"start":{"line":194,"column":4},"end":{"line":194,"column":68}},"70":{"start":{"line":196,"column":4},"end":{"line":204,"column":7}},"71":{"start":{"line":206,"column":23},"end":{"line":206,"column":77}},"72":{"start":{"line":207,"column":22},"end":{"line":209,"column":12}},"73":{"start":{"line":211,"column":4},"end":{"line":232,"column":7}},"74":{"start":{"line":234,"column":4},"end":{"line":234,"column":16}},"75":{"start":{"line":171,"column":13},"end":{"line":171,"column":22}},"76":{"start":{"line":238,"column":22},"end":{"line":253,"column":1}},"77":{"start":{"line":243,"column":2},"end":{"line":252,"column":3}},"78":{"start":{"line":244,"column":29},"end":{"line":244,"column":44}},"79":{"start":{"line":245,"column":4},"end":{"line":245,"column":76}},"80":{"start":{"line":245,"column":23},"end":{"line":245,"column":76}},"81":{"start":{"line":247,"column":4},"end":{"line":247,"column":65}},"82":{"start":{"line":249,"column":4},"end":{"line":249,"column":27}},"83":{"start":{"line":251,"column":4},"end":{"line":251,"column":16}},"84":{"start":{"line":238,"column":13},"end":{"line":238,"column":22}}},"fnMap":{"0":{"name":"(anonymous_1)","decl":{"start":{"line":18,"column":18},"end":{"line":18,"column":19}},"loc":{"start":{"line":18,"column":65},"end":{"line":22,"column":1}}},"1":{"name":"(anonymous_2)","decl":{"start":{"line":24,"column":22},"end":{"line":24,"column":27}},"loc":{"start":{"line":28,"column":4},"end":{"line":169,"column":1}}},"2":{"name":"(anonymous_3)","decl":{"start":{"line":171,"column":22},"end":{"line":171,"column":27}},"loc":{"start":{"line":175,"column":4},"end":{"line":236,"column":1}}},"3":{"name":"(anonymous_4)","decl":{"start":{"line":238,"column":22},"end":{"line":238,"column":27}},"loc":{"start":{"line":242,"column":4},"end":{"line":253,"column":1}}}},"branchMap":{"0":{"loc":{"start":{"line":13,"column":26},"end":{"line":13,"column":61}},"type":"binary-expr","locations":[{"start":{"line":13,"column":26},"end":{"line":13,"column":52}},{"start":{"line":13,"column":56},"end":{"line":13,"column":61}}]},"1":{"loc":{"start":{"line":15,"column":2},"end":{"line":16,"column":3}},"type":"binary-expr","locations":[{"start":{"line":15,"column":2},"end":{"line":15,"column":77}},{"start":{"line":16,"column":2},"end":{"line":16,"column":3}}]},"2":{"loc":{"start":{"line":15,"column":12},"end":{"line":15,"column":56}},"type":"binary-expr","locations":[{"start":{"line":15,"column":12},"end":{"line":15,"column":48}},{"start":{"line":15,"column":52},"end":{"line":15,"column":56}}]},"3":{"loc":{"start":{"line":20,"column":4},"end":{"line":20,"column":72}},"type":"cond-expr","locations":[{"start":{"line":20,"column":24},"end":{"line":20,"column":41}},{"start":{"line":20,"column":44},"end":{"line":20,"column":72}}]},"4":{"loc":{"start":{"line":31,"column":4},"end":{"line":31,"column":73}},"type":"if","locations":[{"start":{"line":31,"column":4},"end":{"line":31,"column":73}},{"start":{},"end":{}}]},"5":{"loc":{"start":{"line":48,"column":6},"end":{"line":53,"column":15}},"type":"binary-expr","locations":[{"start":{"line":48,"column":6},"end":{"line":48,"column":20}},{"start":{"line":49,"column":6},"end":{"line":49,"column":28}},{"start":{"line":50,"column":6},"end":{"line":50,"column":22}},{"start":{"line":51,"column":6},"end":{"line":51,"column":22}},{"start":{"line":52,"column":6},"end":{"line":52,"column":17}},{"start":{"line":53,"column":6},"end":{"line":53,"column":15}}]},"6":{"loc":{"start":{"line":62,"column":4},"end":{"line":101,"column":5}},"type":"if","locations":[{"start":{"line":62,"column":4},"end":{"line":101,"column":5}},{"start":{},"end":{}}]},"7":{"loc":{"start":{"line":62,"column":8},"end":{"line":62,"column":68}},"type":"binary-expr","locations":[{"start":{"line":62,"column":8},"end":{"line":62,"column":22}},{"start":{"line":62,"column":26},"end":{"line":62,"column":41}},{"start":{"line":62,"column":46},"end":{"line":62,"column":68}}]},"8":{"loc":{"start":{"line":76,"column":10},"end":{"line":76,"column":74}},"type":"binary-expr","locations":[{"start":{"line":76,"column":10},"end":{"line":76,"column":32}},{"start":{"line":76,"column":36},"end":{"line":76,"column":64}},{"start":{"line":76,"column":68},"end":{"line":76,"column":74}}]},"9":{"loc":{"start":{"line":77,"column":26},"end":{"line":79,"column":31}},"type":"cond-expr","locations":[{"start":{"line":78,"column":12},"end":{"line":78,"column":20}},{"start":{"line":79,"column":12},"end":{"line":79,"column":31}}]},"10":{"loc":{"start":{"line":104,"column":4},"end":{"line":104,"column":69}},"type":"if","locations":[{"start":{"line":104,"column":4},"end":{"line":104,"column":69}},{"start":{},"end":{}}]},"11":{"loc":{"start":{"line":114,"column":16},"end":{"line":114,"column":56}},"type":"binary-expr","locations":[{"start":{"line":114,"column":16},"end":{"line":114,"column":30}},{"start":{"line":114,"column":34},"end":{"line":114,"column":48}},{"start":{"line":114,"column":52},"end":{"line":114,"column":56}}]},"12":{"loc":{"start":{"line":117,"column":18},"end":{"line":117,"column":34}},"type":"binary-expr","locations":[{"start":{"line":117,"column":18},"end":{"line":117,"column":26}},{"start":{"line":117,"column":30},"end":{"line":117,"column":34}}]},"13":{"loc":{"start":{"line":118,"column":19},"end":{"line":118,"column":36}},"type":"binary-expr","locations":[{"start":{"line":118,"column":19},"end":{"line":118,"column":28}},{"start":{"line":118,"column":32},"end":{"line":118,"column":36}}]},"14":{"loc":{"start":{"line":138,"column":23},"end":{"line":138,"column":77}},"type":"binary-expr","locations":[{"start":{"line":138,"column":23},"end":{"line":138,"column":50}},{"start":{"line":138,"column":54},"end":{"line":138,"column":77}}]},"15":{"loc":{"start":{"line":140,"column":22},"end":{"line":142,"column":12}},"type":"cond-expr","locations":[{"start":{"line":141,"column":8},"end":{"line":141,"column":53}},{"start":{"line":142,"column":8},"end":{"line":142,"column":12}}]},"16":{"loc":{"start":{"line":153,"column":17},"end":{"line":153,"column":47}},"type":"cond-expr","locations":[{"start":{"line":153,"column":31},"end":{"line":153,"column":40}},{"start":{"line":153,"column":43},"end":{"line":153,"column":47}}]},"17":{"loc":{"start":{"line":178,"column":4},"end":{"line":178,"column":73}},"type":"if","locations":[{"start":{"line":178,"column":4},"end":{"line":178,"column":73}},{"start":{},"end":{}}]},"18":{"loc":{"start":{"line":184,"column":4},"end":{"line":184,"column":67}},"type":"if","locations":[{"start":{"line":184,"column":4},"end":{"line":184,"column":67}},{"start":{},"end":{}}]},"19":{"loc":{"start":{"line":186,"column":4},"end":{"line":188,"column":5}},"type":"if","locations":[{"start":{"line":186,"column":4},"end":{"line":188,"column":5}},{"start":{},"end":{}}]},"20":{"loc":{"start":{"line":206,"column":23},"end":{"line":206,"column":77}},"type":"binary-expr","locations":[{"start":{"line":206,"column":23},"end":{"line":206,"column":50}},{"start":{"line":206,"column":54},"end":{"line":206,"column":77}}]},"21":{"loc":{"start":{"line":207,"column":22},"end":{"line":209,"column":12}},"type":"cond-expr","locations":[{"start":{"line":208,"column":8},"end":{"line":208,"column":60}},{"start":{"line":209,"column":8},"end":{"line":209,"column":12}}]},"22":{"loc":{"start":{"line":245,"column":4},"end":{"line":245,"column":76}},"type":"if","locations":[{"start":{"line":245,"column":4},"end":{"line":245,"column":76}},{"start":{},"end":{}}]}},"s":{"0":0,"1":0,"2":0,"3":0,"4":0,"5":0,"6":0,"7":0,"8":0,"9":0,"10":0,"11":0,"12":0,"13":0,"14":0,"15":0,"16":0,"17":0,"18":0,"19":0,"20":0,"21":0,"22":0,"23":0,"24":0,"25":0,"26":0,"27":0,"28":0,"29":0,"30":0,"31":0,"32":0,"33":0,"34":0,"35":0,"36":0,"37":0,"38":0,"39":0,"40":0,"41":0,"42":0,"43":0,"44":0,"45":0,"46":0,"47":0,"48":0,"49":0,"50":0,"51":0,"52":0,"53":0,"54":0,"55":0,"56":0,"57":0,"58":0,"59":0,"60":0,"61":0,"62":0,"63":0,"64":0,"65":0,"66":0,"67":0,"68":0,"69":0,"70":0,"71":0,"72":0,"73":0,"74":0,"75":0,"76":0,"77":0,"78":0,"79":0,"80":0,"81":0,"82":0,"83":0,"84":0},"f":{"0":0,"1":0,"2":0,"3":0},"b":{"0":[0,0],"1":[0,0],"2":[0,0],"3":[0,0],"4":[0,0],"5":[0,0,0,0,0,0],"6":[0,0],"7":[0,0,0],"8":[0,0,0],"9":[0,0],"10":[0,0],"11":[0,0,0],"12":[0,0],"13":[0,0],"14":[0,0],"15":[0,0],"16":[0,0],"17":[0,0],"18":[0,0],"19":[0,0],"20":[0,0],"21":[0,0],"22":[0,0]}}
,"/media/dominique/Development/E1N/helpy/server/controllers/badge.controller.ts": {"path":"/media/dominique/Development/E1N/helpy/server/controllers/badge.controller.ts","statementMap":{"0":{"start":{"line":2,"column":0},"end":{"line":2,"column":40}},"1":{"start":{"line":3,"column":0},"end":{"line":3,"column":42}},"2":{"start":{"line":5,"column":15},"end":{"line":5,"column":33}},"3":{"start":{"line":7,"column":27},"end":{"line":21,"column":1}},"4":{"start":{"line":12,"column":2},"end":{"line":20,"column":3}},"5":{"start":{"line":13,"column":26},"end":{"line":15,"column":6}},"6":{"start":{"line":17,"column":4},"end":{"line":17,"column":40}},"7":{"start":{"line":19,"column":4},"end":{"line":19,"column":16}},"8":{"start":{"line":7,"column":13},"end":{"line":7,"column":27}},"9":{"start":{"line":23,"column":28},"end":{"line":37,"column":1}},"10":{"start":{"line":28,"column":2},"end":{"line":36,"column":3}},"11":{"start":{"line":29,"column":19},"end":{"line":31,"column":6}},"12":{"start":{"line":33,"column":4},"end":{"line":33,"column":37}},"13":{"start":{"line":35,"column":4},"end":{"line":35,"column":16}},"14":{"start":{"line":23,"column":13},"end":{"line":23,"column":28}},"15":{"start":{"line":39,"column":28},"end":{"line":59,"column":1}},"16":{"start":{"line":44,"column":2},"end":{"line":58,"column":3}},"17":{"start":{"line":45,"column":19},"end":{"line":45,"column":29}},"18":{"start":{"line":47,"column":18},"end":{"line":49,"column":6}},"19":{"start":{"line":51,"column":4},"end":{"line":53,"column":5}},"20":{"start":{"line":52,"column":6},"end":{"line":52,"column":53}},"21":{"start":{"line":55,"column":4},"end":{"line":55,"column":32}},"22":{"start":{"line":57,"column":4},"end":{"line":57,"column":16}},"23":{"start":{"line":39,"column":13},"end":{"line":39,"column":28}},"24":{"start":{"line":61,"column":27},"end":{"line":89,"column":1}},"25":{"start":{"line":66,"column":17},"end":{"line":66,"column":27}},"26":{"start":{"line":68,"column":2},"end":{"line":88,"column":3}},"27":{"start":{"line":69,"column":18},"end":{"line":71,"column":6}},"28":{"start":{"line":73,"column":4},"end":{"line":75,"column":5}},"29":{"start":{"line":74,"column":6},"end":{"line":74,"column":53}},"30":{"start":{"line":77,"column":26},"end":{"line":83,"column":6}},"31":{"start":{"line":85,"column":4},"end":{"line":85,"column":40}},"32":{"start":{"line":87,"column":4},"end":{"line":87,"column":16}},"33":{"start":{"line":61,"column":13},"end":{"line":61,"column":27}},"34":{"start":{"line":91,"column":27},"end":{"line":115,"column":1}},"35":{"start":{"line":96,"column":2},"end":{"line":114,"column":3}},"36":{"start":{"line":97,"column":19},"end":{"line":97,"column":29}},"37":{"start":{"line":99,"column":18},"end":{"line":101,"column":6}},"38":{"start":{"line":103,"column":4},"end":{"line":105,"column":5}},"39":{"start":{"line":104,"column":6},"end":{"line":104,"column":53}},"40":{"start":{"line":107,"column":4},"end":{"line":109,"column":7}},"41":{"start":{"line":111,"column":4},"end":{"line":111,"column":68}},"42":{"start":{"line":113,"column":4},"end":{"line":113,"column":16}},"43":{"start":{"line":91,"column":13},"end":{"line":91,"column":27}}},"fnMap":{"0":{"name":"(anonymous_1)","decl":{"start":{"line":7,"column":27},"end":{"line":7,"column":32}},"loc":{"start":{"line":11,"column":4},"end":{"line":21,"column":1}}},"1":{"name":"(anonymous_2)","decl":{"start":{"line":23,"column":28},"end":{"line":23,"column":33}},"loc":{"start":{"line":27,"column":4},"end":{"line":37,"column":1}}},"2":{"name":"(anonymous_3)","decl":{"start":{"line":39,"column":28},"end":{"line":39,"column":33}},"loc":{"start":{"line":43,"column":4},"end":{"line":59,"column":1}}},"3":{"name":"(anonymous_4)","decl":{"start":{"line":61,"column":27},"end":{"line":61,"column":32}},"loc":{"start":{"line":65,"column":4},"end":{"line":89,"column":1}}},"4":{"name":"(anonymous_5)","decl":{"start":{"line":91,"column":27},"end":{"line":91,"column":32}},"loc":{"start":{"line":95,"column":4},"end":{"line":115,"column":1}}}},"branchMap":{"0":{"loc":{"start":{"line":51,"column":4},"end":{"line":53,"column":5}},"type":"if","locations":[{"start":{"line":51,"column":4},"end":{"line":53,"column":5}},{"start":{},"end":{}}]},"1":{"loc":{"start":{"line":73,"column":4},"end":{"line":75,"column":5}},"type":"if","locations":[{"start":{"line":73,"column":4},"end":{"line":75,"column":5}},{"start":{},"end":{}}]},"2":{"loc":{"start":{"line":103,"column":4},"end":{"line":105,"column":5}},"type":"if","locations":[{"start":{"line":103,"column":4},"end":{"line":105,"column":5}},{"start":{},"end":{}}]}},"s":{"0":0,"1":0,"2":0,"3":0,"4":0,"5":0,"6":0,"7":0,"8":0,"9":0,"10":0,"11":0,"12":0,"13":0,"14":0,"15":0,"16":0,"17":0,"18":0,"19":0,"20":0,"21":0,"22":0,"23":0,"24":0,"25":0,"26":0,"27":0,"28":0,"29":0,"30":0,"31":0,"32":0,"33":0,"34":0,"35":0,"36":0,"37":0,"38":0,"39":0,"40":0,"41":0,"42":0,"43":0},"f":{"0":0,"1":0,"2":0,"3":0,"4":0},"b":{"0":[0,0],"1":[0,0],"2":[0,0]}}
,"/media/dominique/Development/E1N/helpy/server/controllers/blockedContacts.controller.ts": {"path":"/media/dominique/Development/E1N/helpy/server/controllers/blockedContacts.controller.ts","statementMap":{"0":{"start":{"line":2,"column":0},"end":{"line":2,"column":40}},"1":{"start":{"line":3,"column":0},"end":{"line":3,"column":42}},"2":{"start":{"line":6,"column":15},"end":{"line":6,"column":33}},"3":{"start":{"line":14,"column":40},"end":{"line":33,"column":1}},"4":{"start":{"line":19,"column":32},"end":{"line":19,"column":42}},"5":{"start":{"line":21,"column":2},"end":{"line":32,"column":3}},"6":{"start":{"line":22,"column":27},"end":{"line":28,"column":6}},"7":{"start":{"line":29,"column":4},"end":{"line":29,"column":41}},"8":{"start":{"line":31,"column":4},"end":{"line":31,"column":16}},"9":{"start":{"line":14,"column":13},"end":{"line":14,"column":40}},"10":{"start":{"line":35,"column":41},"end":{"line":55,"column":1}},"11":{"start":{"line":40,"column":21},"end":{"line":40,"column":31}},"12":{"start":{"line":42,"column":2},"end":{"line":54,"column":3}},"13":{"start":{"line":43,"column":28},"end":{"line":50,"column":6}},"14":{"start":{"line":51,"column":4},"end":{"line":51,"column":46}},"15":{"start":{"line":53,"column":4},"end":{"line":53,"column":16}},"16":{"start":{"line":35,"column":13},"end":{"line":35,"column":41}},"17":{"start":{"line":57,"column":37},"end":{"line":77,"column":1}},"18":{"start":{"line":62,"column":32},"end":{"line":62,"column":42}},"19":{"start":{"line":64,"column":2},"end":{"line":76,"column":3}},"20":{"start":{"line":65,"column":25},"end":{"line":67,"column":6}},"21":{"start":{"line":69,"column":4},"end":{"line":71,"column":5}},"22":{"start":{"line":70,"column":6},"end":{"line":70,"column":62}},"23":{"start":{"line":73,"column":4},"end":{"line":73,"column":39}},"24":{"start":{"line":75,"column":4},"end":{"line":75,"column":16}},"25":{"start":{"line":57,"column":13},"end":{"line":57,"column":37}},"26":{"start":{"line":80,"column":40},"end":{"line":104,"column":1}},"27":{"start":{"line":85,"column":32},"end":{"line":85,"column":42}},"28":{"start":{"line":87,"column":2},"end":{"line":103,"column":3}},"29":{"start":{"line":88,"column":27},"end":{"line":90,"column":6}},"30":{"start":{"line":92,"column":4},"end":{"line":94,"column":5}},"31":{"start":{"line":93,"column":6},"end":{"line":93,"column":62}},"32":{"start":{"line":96,"column":4},"end":{"line":98,"column":7}},"33":{"start":{"line":100,"column":4},"end":{"line":100,"column":27}},"34":{"start":{"line":102,"column":4},"end":{"line":102,"column":16}},"35":{"start":{"line":80,"column":13},"end":{"line":80,"column":40}},"36":{"start":{"line":106,"column":44},"end":{"line":122,"column":1}},"37":{"start":{"line":111,"column":21},"end":{"line":111,"column":31}},"38":{"start":{"line":113,"column":2},"end":{"line":121,"column":3}},"39":{"start":{"line":114,"column":4},"end":{"line":116,"column":7}},"40":{"start":{"line":118,"column":4},"end":{"line":118,"column":27}},"41":{"start":{"line":120,"column":4},"end":{"line":120,"column":16}},"42":{"start":{"line":106,"column":13},"end":{"line":106,"column":44}}},"fnMap":{"0":{"name":"(anonymous_1)","decl":{"start":{"line":14,"column":40},"end":{"line":14,"column":45}},"loc":{"start":{"line":18,"column":4},"end":{"line":33,"column":1}}},"1":{"name":"(anonymous_2)","decl":{"start":{"line":35,"column":41},"end":{"line":35,"column":46}},"loc":{"start":{"line":39,"column":4},"end":{"line":55,"column":1}}},"2":{"name":"(anonymous_3)","decl":{"start":{"line":57,"column":37},"end":{"line":57,"column":42}},"loc":{"start":{"line":61,"column":4},"end":{"line":77,"column":1}}},"3":{"name":"(anonymous_4)","decl":{"start":{"line":80,"column":40},"end":{"line":80,"column":45}},"loc":{"start":{"line":84,"column":4},"end":{"line":104,"column":1}}},"4":{"name":"(anonymous_5)","decl":{"start":{"line":106,"column":44},"end":{"line":106,"column":49}},"loc":{"start":{"line":110,"column":4},"end":{"line":122,"column":1}}}},"branchMap":{"0":{"loc":{"start":{"line":69,"column":4},"end":{"line":71,"column":5}},"type":"if","locations":[{"start":{"line":69,"column":4},"end":{"line":71,"column":5}},{"start":{},"end":{}}]},"1":{"loc":{"start":{"line":92,"column":4},"end":{"line":94,"column":5}},"type":"if","locations":[{"start":{"line":92,"column":4},"end":{"line":94,"column":5}},{"start":{},"end":{}}]}},"s":{"0":1,"1":1,"2":1,"3":1,"4":2,"5":2,"6":2,"7":1,"8":1,"9":1,"10":1,"11":2,"12":2,"13":2,"14":1,"15":1,"16":1,"17":1,"18":2,"19":2,"20":2,"21":2,"22":1,"23":1,"24":1,"25":1,"26":1,"27":3,"28":3,"29":3,"30":3,"31":1,"32":2,"33":1,"34":2,"35":1,"36":1,"37":2,"38":2,"39":2,"40":1,"41":1,"42":1},"f":{"0":2,"1":2,"2":2,"3":3,"4":2},"b":{"0":[1,1],"1":[1,2]}}
,"/media/dominique/Development/E1N/helpy/server/controllers/category.meta.controller.ts": {"path":"/media/dominique/Development/E1N/helpy/server/controllers/category.meta.controller.ts","statementMap":{"0":{"start":{"line":6,"column":0},"end":{"line":6,"column":7}},"1":{"start":{"line":25,"column":0},"end":{"line":25,"column":7}},"2":{"start":{"line":44,"column":0},"end":{"line":44,"column":7}},"3":{"start":{"line":63,"column":0},"end":{"line":63,"column":7}},"4":{"start":{"line":83,"column":0},"end":{"line":83,"column":7}},"5":{"start":{"line":131,"column":0},"end":{"line":131,"column":7}},"6":{"start":{"line":166,"column":0},"end":{"line":166,"column":7}},"7":{"start":{"line":193,"column":0},"end":{"line":193,"column":7}},"8":{"start":{"line":220,"column":0},"end":{"line":220,"column":7}},"9":{"start":{"line":2,"column":0},"end":{"line":2,"column":47}},"10":{"start":{"line":4,"column":15},"end":{"line":4,"column":33}},"11":{"start":{"line":11,"column":2},"end":{"line":22,"column":3}},"12":{"start":{"line":12,"column":21},"end":{"line":18,"column":6}},"13":{"start":{"line":19,"column":4},"end":{"line":19,"column":48}},"14":{"start":{"line":21,"column":4},"end":{"line":21,"column":16}},"15":{"start":{"line":30,"column":2},"end":{"line":41,"column":3}},"16":{"start":{"line":31,"column":20},"end":{"line":37,"column":6}},"17":{"start":{"line":38,"column":4},"end":{"line":38,"column":49}},"18":{"start":{"line":40,"column":4},"end":{"line":40,"column":16}},"19":{"start":{"line":49,"column":2},"end":{"line":60,"column":3}},"20":{"start":{"line":50,"column":18},"end":{"line":56,"column":6}},"21":{"start":{"line":57,"column":4},"end":{"line":57,"column":45}},"22":{"start":{"line":59,"column":4},"end":{"line":59,"column":16}},"23":{"start":{"line":68,"column":2},"end":{"line":79,"column":3}},"24":{"start":{"line":69,"column":17},"end":{"line":75,"column":6}},"25":{"start":{"line":76,"column":4},"end":{"line":76,"column":46}},"26":{"start":{"line":78,"column":4},"end":{"line":78,"column":16}},"27":{"start":{"line":89,"column":2},"end":{"line":128,"column":3}},"28":{"start":{"line":90,"column":23},"end":{"line":112,"column":6}},"29":{"start":{"line":115,"column":19},"end":{"line":123,"column":7}},"30":{"start":{"line":115,"column":49},"end":{"line":123,"column":6}},"31":{"start":{"line":125,"column":4},"end":{"line":125,"column":33}},"32":{"start":{"line":127,"column":4},"end":{"line":127,"column":16}},"33":{"start":{"line":136,"column":2},"end":{"line":163,"column":3}},"34":{"start":{"line":137,"column":21},"end":{"line":154,"column":6}},"35":{"start":{"line":156,"column":4},"end":{"line":158,"column":5}},"36":{"start":{"line":157,"column":6},"end":{"line":157,"column":67}},"37":{"start":{"line":160,"column":4},"end":{"line":160,"column":35}},"38":{"start":{"line":162,"column":4},"end":{"line":162,"column":16}},"39":{"start":{"line":171,"column":2},"end":{"line":190,"column":3}},"40":{"start":{"line":172,"column":61},"end":{"line":172,"column":69}},"41":{"start":{"line":174,"column":21},"end":{"line":185,"column":6}},"42":{"start":{"line":187,"column":4},"end":{"line":187,"column":35}},"43":{"start":{"line":189,"column":4},"end":{"line":189,"column":16}},"44":{"start":{"line":198,"column":2},"end":{"line":217,"column":3}},"45":{"start":{"line":199,"column":34},"end":{"line":199,"column":42}},"46":{"start":{"line":200,"column":15},"end":{"line":200,"column":36}},"47":{"start":{"line":202,"column":21},"end":{"line":212,"column":6}},"48":{"start":{"line":214,"column":4},"end":{"line":214,"column":35}},"49":{"start":{"line":216,"column":4},"end":{"line":216,"column":16}},"50":{"start":{"line":225,"column":2},"end":{"line":235,"column":3}},"51":{"start":{"line":226,"column":15},"end":{"line":226,"column":36}},"52":{"start":{"line":228,"column":21},"end":{"line":230,"column":6}},"53":{"start":{"line":232,"column":4},"end":{"line":232,"column":35}},"54":{"start":{"line":234,"column":4},"end":{"line":234,"column":16}}},"fnMap":{"0":{"name":"getCategoryChapters","decl":{"start":{"line":6,"column":22},"end":{"line":6,"column":41}},"loc":{"start":{"line":9,"column":20},"end":{"line":23,"column":1}}},"1":{"name":"getCategoryChapterById","decl":{"start":{"line":25,"column":22},"end":{"line":25,"column":44}},"loc":{"start":{"line":28,"column":20},"end":{"line":42,"column":1}}},"2":{"name":"getCategoryTypes","decl":{"start":{"line":44,"column":22},"end":{"line":44,"column":38}},"loc":{"start":{"line":47,"column":20},"end":{"line":61,"column":1}}},"3":{"name":"getCategoryTypeById","decl":{"start":{"line":63,"column":22},"end":{"line":63,"column":41}},"loc":{"start":{"line":66,"column":20},"end":{"line":80,"column":1}}},"4":{"name":"getCategories","decl":{"start":{"line":83,"column":22},"end":{"line":83,"column":35}},"loc":{"start":{"line":87,"column":24},"end":{"line":129,"column":1}}},"5":{"name":"(anonymous_5)","decl":{"start":{"line":115,"column":34},"end":{"line":115,"column":35}},"loc":{"start":{"line":115,"column":49},"end":{"line":123,"column":6}}},"6":{"name":"getCategoryById","decl":{"start":{"line":131,"column":22},"end":{"line":131,"column":37}},"loc":{"start":{"line":134,"column":20},"end":{"line":164,"column":1}}},"7":{"name":"createCategory","decl":{"start":{"line":166,"column":22},"end":{"line":166,"column":36}},"loc":{"start":{"line":169,"column":20},"end":{"line":191,"column":1}}},"8":{"name":"updateCategory","decl":{"start":{"line":193,"column":22},"end":{"line":193,"column":36}},"loc":{"start":{"line":196,"column":20},"end":{"line":218,"column":1}}},"9":{"name":"deleteCategory","decl":{"start":{"line":220,"column":22},"end":{"line":220,"column":36}},"loc":{"start":{"line":223,"column":20},"end":{"line":236,"column":1}}}},"branchMap":{"0":{"loc":{"start":{"line":19,"column":32},"end":{"line":19,"column":46}},"type":"binary-expr","locations":[{"start":{"line":19,"column":32},"end":{"line":19,"column":40}},{"start":{"line":19,"column":44},"end":{"line":19,"column":46}}]},"1":{"loc":{"start":{"line":38,"column":32},"end":{"line":38,"column":47}},"type":"binary-expr","locations":[{"start":{"line":38,"column":32},"end":{"line":38,"column":39}},{"start":{"line":38,"column":43},"end":{"line":38,"column":47}}]},"2":{"loc":{"start":{"line":57,"column":32},"end":{"line":57,"column":43}},"type":"binary-expr","locations":[{"start":{"line":57,"column":32},"end":{"line":57,"column":37}},{"start":{"line":57,"column":41},"end":{"line":57,"column":43}}]},"3":{"loc":{"start":{"line":76,"column":32},"end":{"line":76,"column":44}},"type":"binary-expr","locations":[{"start":{"line":76,"column":32},"end":{"line":76,"column":36}},{"start":{"line":76,"column":40},"end":{"line":76,"column":44}}]},"4":{"loc":{"start":{"line":156,"column":4},"end":{"line":158,"column":5}},"type":"if","locations":[{"start":{"line":156,"column":4},"end":{"line":158,"column":5}},{"start":{},"end":{}}]}},"s":{"0":0,"1":0,"2":0,"3":0,"4":0,"5":0,"6":0,"7":0,"8":0,"9":0,"10":0,"11":0,"12":0,"13":0,"14":0,"15":0,"16":0,"17":0,"18":0,"19":0,"20":0,"21":0,"22":0,"23":0,"24":0,"25":0,"26":0,"27":0,"28":0,"29":0,"30":0,"31":0,"32":0,"33":0,"34":0,"35":0,"36":0,"37":0,"38":0,"39":0,"40":0,"41":0,"42":0,"43":0,"44":0,"45":0,"46":0,"47":0,"48":0,"49":0,"50":0,"51":0,"52":0,"53":0,"54":0},"f":{"0":0,"1":0,"2":0,"3":0,"4":0,"5":0,"6":0,"7":0,"8":0,"9":0},"b":{"0":[0,0],"1":[0,0],"2":[0,0],"3":[0,0],"4":[0,0]}}
,"/media/dominique/Development/E1N/helpy/server/controllers/cognitiveExercise.controller.ts": {"path":"/media/dominique/Development/E1N/helpy/server/controllers/cognitiveExercise.controller.ts","statementMap":{"0":{"start":{"line":2,"column":0},"end":{"line":2,"column":50}},"1":{"start":{"line":3,"column":0},"end":{"line":3,"column":42}},"2":{"start":{"line":6,"column":15},"end":{"line":6,"column":33}},"3":{"start":{"line":15,"column":39},"end":{"line":28,"column":1}},"4":{"start":{"line":20,"column":2},"end":{"line":27,"column":3}},"5":{"start":{"line":21,"column":29},"end":{"line":23,"column":6}},"6":{"start":{"line":24,"column":4},"end":{"line":24,"column":43}},"7":{"start":{"line":26,"column":4},"end":{"line":26,"column":16}},"8":{"start":{"line":15,"column":13},"end":{"line":15,"column":39}},"9":{"start":{"line":30,"column":40},"end":{"line":46,"column":1}},"10":{"start":{"line":35,"column":2},"end":{"line":45,"column":3}},"11":{"start":{"line":36,"column":22},"end":{"line":40,"column":6}},"12":{"start":{"line":42,"column":4},"end":{"line":42,"column":40}},"13":{"start":{"line":44,"column":4},"end":{"line":44,"column":16}},"14":{"start":{"line":30,"column":13},"end":{"line":30,"column":40}},"15":{"start":{"line":48,"column":40},"end":{"line":68,"column":1}},"16":{"start":{"line":53,"column":17},"end":{"line":53,"column":27}},"17":{"start":{"line":55,"column":2},"end":{"line":67,"column":3}},"18":{"start":{"line":56,"column":21},"end":{"line":58,"column":6}},"19":{"start":{"line":60,"column":4},"end":{"line":62,"column":5}},"20":{"start":{"line":61,"column":6},"end":{"line":61,"column":65}},"21":{"start":{"line":64,"column":4},"end":{"line":64,"column":35}},"22":{"start":{"line":66,"column":4},"end":{"line":66,"column":16}},"23":{"start":{"line":48,"column":13},"end":{"line":48,"column":40}},"24":{"start":{"line":70,"column":39},"end":{"line":98,"column":1}},"25":{"start":{"line":75,"column":17},"end":{"line":75,"column":27}},"26":{"start":{"line":77,"column":2},"end":{"line":97,"column":3}},"27":{"start":{"line":78,"column":21},"end":{"line":80,"column":6}},"28":{"start":{"line":82,"column":4},"end":{"line":84,"column":5}},"29":{"start":{"line":83,"column":6},"end":{"line":83,"column":65}},"30":{"start":{"line":86,"column":29},"end":{"line":92,"column":6}},"31":{"start":{"line":94,"column":4},"end":{"line":94,"column":43}},"32":{"start":{"line":96,"column":4},"end":{"line":96,"column":16}},"33":{"start":{"line":70,"column":13},"end":{"line":70,"column":39}},"34":{"start":{"line":100,"column":39},"end":{"line":124,"column":1}},"35":{"start":{"line":105,"column":17},"end":{"line":105,"column":27}},"36":{"start":{"line":107,"column":2},"end":{"line":123,"column":3}},"37":{"start":{"line":108,"column":21},"end":{"line":110,"column":6}},"38":{"start":{"line":112,"column":4},"end":{"line":114,"column":5}},"39":{"start":{"line":113,"column":6},"end":{"line":113,"column":65}},"40":{"start":{"line":116,"column":4},"end":{"line":118,"column":7}},"41":{"start":{"line":120,"column":4},"end":{"line":120,"column":80}},"42":{"start":{"line":122,"column":4},"end":{"line":122,"column":16}},"43":{"start":{"line":100,"column":13},"end":{"line":100,"column":39}}},"fnMap":{"0":{"name":"(anonymous_1)","decl":{"start":{"line":15,"column":39},"end":{"line":15,"column":44}},"loc":{"start":{"line":19,"column":4},"end":{"line":28,"column":1}}},"1":{"name":"(anonymous_2)","decl":{"start":{"line":30,"column":40},"end":{"line":30,"column":45}},"loc":{"start":{"line":34,"column":4},"end":{"line":46,"column":1}}},"2":{"name":"(anonymous_3)","decl":{"start":{"line":48,"column":40},"end":{"line":48,"column":45}},"loc":{"start":{"line":52,"column":4},"end":{"line":68,"column":1}}},"3":{"name":"(anonymous_4)","decl":{"start":{"line":70,"column":39},"end":{"line":70,"column":44}},"loc":{"start":{"line":74,"column":4},"end":{"line":98,"column":1}}},"4":{"name":"(anonymous_5)","decl":{"start":{"line":100,"column":39},"end":{"line":100,"column":44}},"loc":{"start":{"line":104,"column":4},"end":{"line":124,"column":1}}}},"branchMap":{"0":{"loc":{"start":{"line":60,"column":4},"end":{"line":62,"column":5}},"type":"if","locations":[{"start":{"line":60,"column":4},"end":{"line":62,"column":5}},{"start":{},"end":{}}]},"1":{"loc":{"start":{"line":82,"column":4},"end":{"line":84,"column":5}},"type":"if","locations":[{"start":{"line":82,"column":4},"end":{"line":84,"column":5}},{"start":{},"end":{}}]},"2":{"loc":{"start":{"line":112,"column":4},"end":{"line":114,"column":5}},"type":"if","locations":[{"start":{"line":112,"column":4},"end":{"line":114,"column":5}},{"start":{},"end":{}}]}},"s":{"0":0,"1":0,"2":0,"3":0,"4":0,"5":0,"6":0,"7":0,"8":0,"9":0,"10":0,"11":0,"12":0,"13":0,"14":0,"15":0,"16":0,"17":0,"18":0,"19":0,"20":0,"21":0,"22":0,"23":0,"24":0,"25":0,"26":0,"27":0,"28":0,"29":0,"30":0,"31":0,"32":0,"33":0,"34":0,"35":0,"36":0,"37":0,"38":0,"39":0,"40":0,"41":0,"42":0,"43":0},"f":{"0":0,"1":0,"2":0,"3":0,"4":0},"b":{"0":[0,0],"1":[0,0],"2":[0,0]}}
,"/media/dominique/Development/E1N/helpy/server/controllers/collaborativeProject.controller.ts": {"path":"/media/dominique/Development/E1N/helpy/server/controllers/collaborativeProject.controller.ts","statementMap":{"0":{"start":{"line":2,"column":0},"end":{"line":2,"column":50}},"1":{"start":{"line":3,"column":0},"end":{"line":3,"column":42}},"2":{"start":{"line":6,"column":15},"end":{"line":6,"column":33}},"3":{"start":{"line":15,"column":42},"end":{"line":28,"column":1}},"4":{"start":{"line":20,"column":2},"end":{"line":27,"column":3}},"5":{"start":{"line":21,"column":28},"end":{"line":23,"column":6}},"6":{"start":{"line":24,"column":4},"end":{"line":24,"column":42}},"7":{"start":{"line":26,"column":4},"end":{"line":26,"column":16}},"8":{"start":{"line":15,"column":13},"end":{"line":15,"column":42}},"9":{"start":{"line":30,"column":43},"end":{"line":46,"column":1}},"10":{"start":{"line":35,"column":2},"end":{"line":45,"column":3}},"11":{"start":{"line":36,"column":21},"end":{"line":40,"column":6}},"12":{"start":{"line":42,"column":4},"end":{"line":42,"column":39}},"13":{"start":{"line":44,"column":4},"end":{"line":44,"column":16}},"14":{"start":{"line":30,"column":13},"end":{"line":30,"column":43}},"15":{"start":{"line":48,"column":43},"end":{"line":68,"column":1}},"16":{"start":{"line":53,"column":17},"end":{"line":53,"column":27}},"17":{"start":{"line":55,"column":2},"end":{"line":67,"column":3}},"18":{"start":{"line":56,"column":20},"end":{"line":58,"column":6}},"19":{"start":{"line":60,"column":4},"end":{"line":62,"column":5}},"20":{"start":{"line":61,"column":6},"end":{"line":61,"column":67}},"21":{"start":{"line":64,"column":4},"end":{"line":64,"column":34}},"22":{"start":{"line":66,"column":4},"end":{"line":66,"column":16}},"23":{"start":{"line":48,"column":13},"end":{"line":48,"column":43}},"24":{"start":{"line":70,"column":42},"end":{"line":98,"column":1}},"25":{"start":{"line":75,"column":17},"end":{"line":75,"column":27}},"26":{"start":{"line":77,"column":2},"end":{"line":97,"column":3}},"27":{"start":{"line":78,"column":20},"end":{"line":80,"column":6}},"28":{"start":{"line":82,"column":4},"end":{"line":84,"column":5}},"29":{"start":{"line":83,"column":6},"end":{"line":83,"column":67}},"30":{"start":{"line":86,"column":28},"end":{"line":92,"column":6}},"31":{"start":{"line":94,"column":4},"end":{"line":94,"column":42}},"32":{"start":{"line":96,"column":4},"end":{"line":96,"column":16}},"33":{"start":{"line":70,"column":13},"end":{"line":70,"column":42}},"34":{"start":{"line":100,"column":42},"end":{"line":126,"column":1}},"35":{"start":{"line":105,"column":17},"end":{"line":105,"column":27}},"36":{"start":{"line":107,"column":2},"end":{"line":125,"column":3}},"37":{"start":{"line":108,"column":20},"end":{"line":110,"column":6}},"38":{"start":{"line":112,"column":4},"end":{"line":114,"column":5}},"39":{"start":{"line":113,"column":6},"end":{"line":113,"column":67}},"40":{"start":{"line":116,"column":4},"end":{"line":118,"column":7}},"41":{"start":{"line":120,"column":4},"end":{"line":122,"column":69}},"42":{"start":{"line":124,"column":4},"end":{"line":124,"column":16}},"43":{"start":{"line":100,"column":13},"end":{"line":100,"column":42}}},"fnMap":{"0":{"name":"(anonymous_1)","decl":{"start":{"line":15,"column":42},"end":{"line":15,"column":47}},"loc":{"start":{"line":19,"column":4},"end":{"line":28,"column":1}}},"1":{"name":"(anonymous_2)","decl":{"start":{"line":30,"column":43},"end":{"line":30,"column":48}},"loc":{"start":{"line":34,"column":4},"end":{"line":46,"column":1}}},"2":{"name":"(anonymous_3)","decl":{"start":{"line":48,"column":43},"end":{"line":48,"column":48}},"loc":{"start":{"line":52,"column":4},"end":{"line":68,"column":1}}},"3":{"name":"(anonymous_4)","decl":{"start":{"line":70,"column":42},"end":{"line":70,"column":47}},"loc":{"start":{"line":74,"column":4},"end":{"line":98,"column":1}}},"4":{"name":"(anonymous_5)","decl":{"start":{"line":100,"column":42},"end":{"line":100,"column":47}},"loc":{"start":{"line":104,"column":4},"end":{"line":126,"column":1}}}},"branchMap":{"0":{"loc":{"start":{"line":60,"column":4},"end":{"line":62,"column":5}},"type":"if","locations":[{"start":{"line":60,"column":4},"end":{"line":62,"column":5}},{"start":{},"end":{}}]},"1":{"loc":{"start":{"line":82,"column":4},"end":{"line":84,"column":5}},"type":"if","locations":[{"start":{"line":82,"column":4},"end":{"line":84,"column":5}},{"start":{},"end":{}}]},"2":{"loc":{"start":{"line":112,"column":4},"end":{"line":114,"column":5}},"type":"if","locations":[{"start":{"line":112,"column":4},"end":{"line":114,"column":5}},{"start":{},"end":{}}]}},"s":{"0":0,"1":0,"2":0,"3":0,"4":0,"5":0,"6":0,"7":0,"8":0,"9":0,"10":0,"11":0,"12":0,"13":0,"14":0,"15":0,"16":0,"17":0,"18":0,"19":0,"20":0,"21":0,"22":0,"23":0,"24":0,"25":0,"26":0,"27":0,"28":0,"29":0,"30":0,"31":0,"32":0,"33":0,"34":0,"35":0,"36":0,"37":0,"38":0,"39":0,"40":0,"41":0,"42":0,"43":0},"f":{"0":0,"1":0,"2":0,"3":0,"4":0},"b":{"0":[0,0],"1":[0,0],"2":[0,0]}}
,"/media/dominique/Development/E1N/helpy/server/controllers/contactRequests.controller.ts": {"path":"/media/dominique/Development/E1N/helpy/server/controllers/contactRequests.controller.ts","statementMap":{"0":{"start":{"line":2,"column":0},"end":{"line":2,"column":40}},"1":{"start":{"line":3,"column":0},"end":{"line":3,"column":42}},"2":{"start":{"line":6,"column":15},"end":{"line":6,"column":33}},"3":{"start":{"line":14,"column":40},"end":{"line":33,"column":1}},"4":{"start":{"line":19,"column":32},"end":{"line":19,"column":42}},"5":{"start":{"line":21,"column":2},"end":{"line":32,"column":3}},"6":{"start":{"line":22,"column":27},"end":{"line":28,"column":6}},"7":{"start":{"line":29,"column":4},"end":{"line":29,"column":41}},"8":{"start":{"line":31,"column":4},"end":{"line":31,"column":16}},"9":{"start":{"line":14,"column":13},"end":{"line":14,"column":40}},"10":{"start":{"line":35,"column":41},"end":{"line":55,"column":1}},"11":{"start":{"line":40,"column":21},"end":{"line":40,"column":31}},"12":{"start":{"line":42,"column":2},"end":{"line":54,"column":3}},"13":{"start":{"line":43,"column":28},"end":{"line":50,"column":6}},"14":{"start":{"line":51,"column":4},"end":{"line":51,"column":46}},"15":{"start":{"line":53,"column":4},"end":{"line":53,"column":16}},"16":{"start":{"line":35,"column":13},"end":{"line":35,"column":41}},"17":{"start":{"line":57,"column":37},"end":{"line":77,"column":1}},"18":{"start":{"line":62,"column":32},"end":{"line":62,"column":42}},"19":{"start":{"line":64,"column":2},"end":{"line":76,"column":3}},"20":{"start":{"line":65,"column":27},"end":{"line":67,"column":6}},"21":{"start":{"line":69,"column":4},"end":{"line":71,"column":5}},"22":{"start":{"line":70,"column":6},"end":{"line":70,"column":67}},"23":{"start":{"line":73,"column":4},"end":{"line":73,"column":41}},"24":{"start":{"line":75,"column":4},"end":{"line":75,"column":16}},"25":{"start":{"line":57,"column":13},"end":{"line":57,"column":37}},"26":{"start":{"line":79,"column":40},"end":{"line":108,"column":1}},"27":{"start":{"line":88,"column":32},"end":{"line":88,"column":42}},"28":{"start":{"line":90,"column":2},"end":{"line":107,"column":3}},"29":{"start":{"line":91,"column":27},"end":{"line":93,"column":6}},"30":{"start":{"line":95,"column":4},"end":{"line":97,"column":5}},"31":{"start":{"line":96,"column":6},"end":{"line":96,"column":67}},"32":{"start":{"line":99,"column":27},"end":{"line":102,"column":6}},"33":{"start":{"line":104,"column":4},"end":{"line":104,"column":41}},"34":{"start":{"line":106,"column":4},"end":{"line":106,"column":16}},"35":{"start":{"line":79,"column":13},"end":{"line":79,"column":40}},"36":{"start":{"line":110,"column":40},"end":{"line":134,"column":1}},"37":{"start":{"line":115,"column":32},"end":{"line":115,"column":42}},"38":{"start":{"line":117,"column":2},"end":{"line":133,"column":3}},"39":{"start":{"line":118,"column":27},"end":{"line":120,"column":6}},"40":{"start":{"line":122,"column":4},"end":{"line":124,"column":5}},"41":{"start":{"line":123,"column":6},"end":{"line":123,"column":67}},"42":{"start":{"line":126,"column":4},"end":{"line":128,"column":7}},"43":{"start":{"line":130,"column":4},"end":{"line":130,"column":27}},"44":{"start":{"line":132,"column":4},"end":{"line":132,"column":16}},"45":{"start":{"line":110,"column":13},"end":{"line":110,"column":40}},"46":{"start":{"line":136,"column":44},"end":{"line":152,"column":1}},"47":{"start":{"line":141,"column":21},"end":{"line":141,"column":31}},"48":{"start":{"line":143,"column":2},"end":{"line":151,"column":3}},"49":{"start":{"line":144,"column":4},"end":{"line":146,"column":7}},"50":{"start":{"line":148,"column":4},"end":{"line":148,"column":27}},"51":{"start":{"line":150,"column":4},"end":{"line":150,"column":16}},"52":{"start":{"line":136,"column":13},"end":{"line":136,"column":44}}},"fnMap":{"0":{"name":"(anonymous_1)","decl":{"start":{"line":14,"column":40},"end":{"line":14,"column":45}},"loc":{"start":{"line":18,"column":4},"end":{"line":33,"column":1}}},"1":{"name":"(anonymous_2)","decl":{"start":{"line":35,"column":41},"end":{"line":35,"column":46}},"loc":{"start":{"line":39,"column":4},"end":{"line":55,"column":1}}},"2":{"name":"(anonymous_3)","decl":{"start":{"line":57,"column":37},"end":{"line":57,"column":42}},"loc":{"start":{"line":61,"column":4},"end":{"line":77,"column":1}}},"3":{"name":"(anonymous_4)","decl":{"start":{"line":79,"column":40},"end":{"line":79,"column":45}},"loc":{"start":{"line":87,"column":4},"end":{"line":108,"column":1}}},"4":{"name":"(anonymous_5)","decl":{"start":{"line":110,"column":40},"end":{"line":110,"column":45}},"loc":{"start":{"line":114,"column":4},"end":{"line":134,"column":1}}},"5":{"name":"(anonymous_6)","decl":{"start":{"line":136,"column":44},"end":{"line":136,"column":49}},"loc":{"start":{"line":140,"column":4},"end":{"line":152,"column":1}}}},"branchMap":{"0":{"loc":{"start":{"line":69,"column":4},"end":{"line":71,"column":5}},"type":"if","locations":[{"start":{"line":69,"column":4},"end":{"line":71,"column":5}},{"start":{},"end":{}}]},"1":{"loc":{"start":{"line":95,"column":4},"end":{"line":97,"column":5}},"type":"if","locations":[{"start":{"line":95,"column":4},"end":{"line":97,"column":5}},{"start":{},"end":{}}]},"2":{"loc":{"start":{"line":122,"column":4},"end":{"line":124,"column":5}},"type":"if","locations":[{"start":{"line":122,"column":4},"end":{"line":124,"column":5}},{"start":{},"end":{}}]}},"s":{"0":1,"1":1,"2":1,"3":1,"4":2,"5":2,"6":2,"7":1,"8":1,"9":1,"10":1,"11":2,"12":2,"13":2,"14":1,"15":1,"16":1,"17":1,"18":2,"19":2,"20":2,"21":2,"22":1,"23":1,"24":1,"25":1,"26":1,"27":3,"28":3,"29":3,"30":3,"31":1,"32":2,"33":1,"34":2,"35":1,"36":1,"37":3,"38":3,"39":3,"40":3,"41":1,"42":2,"43":1,"44":2,"45":1,"46":1,"47":2,"48":2,"49":2,"50":1,"51":1,"52":1},"f":{"0":2,"1":2,"2":2,"3":3,"4":3,"5":2},"b":{"0":[1,1],"1":[1,2],"2":[1,2]}}
,"/media/dominique/Development/E1N/helpy/server/controllers/conversation.controller.ts": {"path":"/media/dominique/Development/E1N/helpy/server/controllers/conversation.controller.ts","statementMap":{"0":{"start":{"line":2,"column":0},"end":{"line":2,"column":50}},"1":{"start":{"line":3,"column":0},"end":{"line":3,"column":42}},"2":{"start":{"line":6,"column":15},"end":{"line":6,"column":33}},"3":{"start":{"line":15,"column":34},"end":{"line":28,"column":1}},"4":{"start":{"line":20,"column":2},"end":{"line":27,"column":3}},"5":{"start":{"line":21,"column":33},"end":{"line":23,"column":6}},"6":{"start":{"line":24,"column":4},"end":{"line":24,"column":47}},"7":{"start":{"line":26,"column":4},"end":{"line":26,"column":16}},"8":{"start":{"line":15,"column":13},"end":{"line":15,"column":34}},"9":{"start":{"line":30,"column":35},"end":{"line":46,"column":1}},"10":{"start":{"line":35,"column":2},"end":{"line":45,"column":3}},"11":{"start":{"line":36,"column":26},"end":{"line":40,"column":6}},"12":{"start":{"line":42,"column":4},"end":{"line":42,"column":44}},"13":{"start":{"line":44,"column":4},"end":{"line":44,"column":16}},"14":{"start":{"line":30,"column":13},"end":{"line":30,"column":35}},"15":{"start":{"line":48,"column":35},"end":{"line":68,"column":1}},"16":{"start":{"line":53,"column":17},"end":{"line":53,"column":27}},"17":{"start":{"line":55,"column":2},"end":{"line":67,"column":3}},"18":{"start":{"line":56,"column":25},"end":{"line":58,"column":6}},"19":{"start":{"line":60,"column":4},"end":{"line":62,"column":5}},"20":{"start":{"line":61,"column":6},"end":{"line":61,"column":61}},"21":{"start":{"line":64,"column":4},"end":{"line":64,"column":39}},"22":{"start":{"line":66,"column":4},"end":{"line":66,"column":16}},"23":{"start":{"line":48,"column":13},"end":{"line":48,"column":35}},"24":{"start":{"line":70,"column":34},"end":{"line":98,"column":1}},"25":{"start":{"line":75,"column":17},"end":{"line":75,"column":27}},"26":{"start":{"line":77,"column":2},"end":{"line":97,"column":3}},"27":{"start":{"line":78,"column":25},"end":{"line":80,"column":6}},"28":{"start":{"line":82,"column":4},"end":{"line":84,"column":5}},"29":{"start":{"line":83,"column":6},"end":{"line":83,"column":61}},"30":{"start":{"line":86,"column":33},"end":{"line":92,"column":6}},"31":{"start":{"line":94,"column":4},"end":{"line":94,"column":47}},"32":{"start":{"line":96,"column":4},"end":{"line":96,"column":16}},"33":{"start":{"line":70,"column":13},"end":{"line":70,"column":34}},"34":{"start":{"line":100,"column":34},"end":{"line":124,"column":1}},"35":{"start":{"line":105,"column":17},"end":{"line":105,"column":27}},"36":{"start":{"line":107,"column":2},"end":{"line":123,"column":3}},"37":{"start":{"line":108,"column":25},"end":{"line":110,"column":6}},"38":{"start":{"line":112,"column":4},"end":{"line":114,"column":5}},"39":{"start":{"line":113,"column":6},"end":{"line":113,"column":61}},"40":{"start":{"line":116,"column":4},"end":{"line":118,"column":7}},"41":{"start":{"line":120,"column":4},"end":{"line":120,"column":76}},"42":{"start":{"line":122,"column":4},"end":{"line":122,"column":16}},"43":{"start":{"line":100,"column":13},"end":{"line":100,"column":34}}},"fnMap":{"0":{"name":"(anonymous_1)","decl":{"start":{"line":15,"column":34},"end":{"line":15,"column":39}},"loc":{"start":{"line":19,"column":4},"end":{"line":28,"column":1}}},"1":{"name":"(anonymous_2)","decl":{"start":{"line":30,"column":35},"end":{"line":30,"column":40}},"loc":{"start":{"line":34,"column":4},"end":{"line":46,"column":1}}},"2":{"name":"(anonymous_3)","decl":{"start":{"line":48,"column":35},"end":{"line":48,"column":40}},"loc":{"start":{"line":52,"column":4},"end":{"line":68,"column":1}}},"3":{"name":"(anonymous_4)","decl":{"start":{"line":70,"column":34},"end":{"line":70,"column":39}},"loc":{"start":{"line":74,"column":4},"end":{"line":98,"column":1}}},"4":{"name":"(anonymous_5)","decl":{"start":{"line":100,"column":34},"end":{"line":100,"column":39}},"loc":{"start":{"line":104,"column":4},"end":{"line":124,"column":1}}}},"branchMap":{"0":{"loc":{"start":{"line":60,"column":4},"end":{"line":62,"column":5}},"type":"if","locations":[{"start":{"line":60,"column":4},"end":{"line":62,"column":5}},{"start":{},"end":{}}]},"1":{"loc":{"start":{"line":82,"column":4},"end":{"line":84,"column":5}},"type":"if","locations":[{"start":{"line":82,"column":4},"end":{"line":84,"column":5}},{"start":{},"end":{}}]},"2":{"loc":{"start":{"line":112,"column":4},"end":{"line":114,"column":5}},"type":"if","locations":[{"start":{"line":112,"column":4},"end":{"line":114,"column":5}},{"start":{},"end":{}}]}},"s":{"0":0,"1":0,"2":0,"3":0,"4":0,"5":0,"6":0,"7":0,"8":0,"9":0,"10":0,"11":0,"12":0,"13":0,"14":0,"15":0,"16":0,"17":0,"18":0,"19":0,"20":0,"21":0,"22":0,"23":0,"24":0,"25":0,"26":0,"27":0,"28":0,"29":0,"30":0,"31":0,"32":0,"33":0,"34":0,"35":0,"36":0,"37":0,"38":0,"39":0,"40":0,"41":0,"42":0,"43":0},"f":{"0":0,"1":0,"2":0,"3":0,"4":0},"b":{"0":[0,0],"1":[0,0],"2":[0,0]}}
,"/media/dominique/Development/E1N/helpy/server/controllers/conversationParticipant.controller.ts": {"path":"/media/dominique/Development/E1N/helpy/server/controllers/conversationParticipant.controller.ts","statementMap":{"0":{"start":{"line":2,"column":0},"end":{"line":2,"column":40}},"1":{"start":{"line":3,"column":0},"end":{"line":3,"column":42}},"2":{"start":{"line":6,"column":15},"end":{"line":6,"column":33}},"3":{"start":{"line":15,"column":45},"end":{"line":29,"column":1}},"4":{"start":{"line":20,"column":2},"end":{"line":28,"column":3}},"5":{"start":{"line":22,"column":6},"end":{"line":24,"column":8}},"6":{"start":{"line":25,"column":4},"end":{"line":25,"column":58}},"7":{"start":{"line":27,"column":4},"end":{"line":27,"column":16}},"8":{"start":{"line":15,"column":13},"end":{"line":15,"column":45}},"9":{"start":{"line":31,"column":46},"end":{"line":48,"column":1}},"10":{"start":{"line":36,"column":2},"end":{"line":47,"column":3}},"11":{"start":{"line":38,"column":6},"end":{"line":42,"column":8}},"12":{"start":{"line":44,"column":4},"end":{"line":44,"column":55}},"13":{"start":{"line":46,"column":4},"end":{"line":46,"column":16}},"14":{"start":{"line":31,"column":13},"end":{"line":31,"column":46}},"15":{"start":{"line":50,"column":46},"end":{"line":71,"column":1}},"16":{"start":{"line":55,"column":17},"end":{"line":55,"column":27}},"17":{"start":{"line":57,"column":2},"end":{"line":70,"column":3}},"18":{"start":{"line":59,"column":6},"end":{"line":61,"column":8}},"19":{"start":{"line":63,"column":4},"end":{"line":65,"column":5}},"20":{"start":{"line":64,"column":6},"end":{"line":64,"column":61}},"21":{"start":{"line":67,"column":4},"end":{"line":67,"column":50}},"22":{"start":{"line":69,"column":4},"end":{"line":69,"column":16}},"23":{"start":{"line":50,"column":13},"end":{"line":50,"column":46}},"24":{"start":{"line":73,"column":45},"end":{"line":103,"column":1}},"25":{"start":{"line":78,"column":17},"end":{"line":78,"column":27}},"26":{"start":{"line":80,"column":2},"end":{"line":102,"column":3}},"27":{"start":{"line":82,"column":6},"end":{"line":84,"column":8}},"28":{"start":{"line":86,"column":4},"end":{"line":88,"column":5}},"29":{"start":{"line":87,"column":6},"end":{"line":87,"column":61}},"30":{"start":{"line":91,"column":6},"end":{"line":97,"column":8}},"31":{"start":{"line":99,"column":4},"end":{"line":99,"column":58}},"32":{"start":{"line":101,"column":4},"end":{"line":101,"column":16}},"33":{"start":{"line":73,"column":13},"end":{"line":73,"column":45}},"34":{"start":{"line":105,"column":45},"end":{"line":130,"column":1}},"35":{"start":{"line":110,"column":17},"end":{"line":110,"column":27}},"36":{"start":{"line":112,"column":2},"end":{"line":129,"column":3}},"37":{"start":{"line":114,"column":6},"end":{"line":116,"column":8}},"38":{"start":{"line":118,"column":4},"end":{"line":120,"column":5}},"39":{"start":{"line":119,"column":6},"end":{"line":119,"column":61}},"40":{"start":{"line":122,"column":4},"end":{"line":124,"column":7}},"41":{"start":{"line":126,"column":4},"end":{"line":126,"column":76}},"42":{"start":{"line":128,"column":4},"end":{"line":128,"column":16}},"43":{"start":{"line":105,"column":13},"end":{"line":105,"column":45}}},"fnMap":{"0":{"name":"(anonymous_1)","decl":{"start":{"line":15,"column":45},"end":{"line":15,"column":50}},"loc":{"start":{"line":19,"column":4},"end":{"line":29,"column":1}}},"1":{"name":"(anonymous_2)","decl":{"start":{"line":31,"column":46},"end":{"line":31,"column":51}},"loc":{"start":{"line":35,"column":4},"end":{"line":48,"column":1}}},"2":{"name":"(anonymous_3)","decl":{"start":{"line":50,"column":46},"end":{"line":50,"column":51}},"loc":{"start":{"line":54,"column":4},"end":{"line":71,"column":1}}},"3":{"name":"(anonymous_4)","decl":{"start":{"line":73,"column":45},"end":{"line":73,"column":50}},"loc":{"start":{"line":77,"column":4},"end":{"line":103,"column":1}}},"4":{"name":"(anonymous_5)","decl":{"start":{"line":105,"column":45},"end":{"line":105,"column":50}},"loc":{"start":{"line":109,"column":4},"end":{"line":130,"column":1}}}},"branchMap":{"0":{"loc":{"start":{"line":63,"column":4},"end":{"line":65,"column":5}},"type":"if","locations":[{"start":{"line":63,"column":4},"end":{"line":65,"column":5}},{"start":{},"end":{}}]},"1":{"loc":{"start":{"line":86,"column":4},"end":{"line":88,"column":5}},"type":"if","locations":[{"start":{"line":86,"column":4},"end":{"line":88,"column":5}},{"start":{},"end":{}}]},"2":{"loc":{"start":{"line":118,"column":4},"end":{"line":120,"column":5}},"type":"if","locations":[{"start":{"line":118,"column":4},"end":{"line":120,"column":5}},{"start":{},"end":{}}]}},"s":{"0":0,"1":0,"2":0,"3":0,"4":0,"5":0,"6":0,"7":0,"8":0,"9":0,"10":0,"11":0,"12":0,"13":0,"14":0,"15":0,"16":0,"17":0,"18":0,"19":0,"20":0,"21":0,"22":0,"23":0,"24":0,"25":0,"26":0,"27":0,"28":0,"29":0,"30":0,"31":0,"32":0,"33":0,"34":0,"35":0,"36":0,"37":0,"38":0,"39":0,"40":0,"41":0,"42":0,"43":0},"f":{"0":0,"1":0,"2":0,"3":0,"4":0},"b":{"0":[0,0],"1":[0,0],"2":[0,0]}}
,"/media/dominique/Development/E1N/helpy/server/controllers/forumMessage.controller.ts": {"path":"/media/dominique/Development/E1N/helpy/server/controllers/forumMessage.controller.ts","statementMap":{"0":{"start":{"line":2,"column":0},"end":{"line":2,"column":40}},"1":{"start":{"line":3,"column":0},"end":{"line":3,"column":42}},"2":{"start":{"line":6,"column":15},"end":{"line":6,"column":33}},"3":{"start":{"line":15,"column":34},"end":{"line":28,"column":1}},"4":{"start":{"line":20,"column":2},"end":{"line":27,"column":3}},"5":{"start":{"line":21,"column":33},"end":{"line":23,"column":6}},"6":{"start":{"line":24,"column":4},"end":{"line":24,"column":47}},"7":{"start":{"line":26,"column":4},"end":{"line":26,"column":16}},"8":{"start":{"line":15,"column":13},"end":{"line":15,"column":34}},"9":{"start":{"line":30,"column":35},"end":{"line":46,"column":1}},"10":{"start":{"line":35,"column":2},"end":{"line":45,"column":3}},"11":{"start":{"line":36,"column":26},"end":{"line":40,"column":6}},"12":{"start":{"line":42,"column":4},"end":{"line":42,"column":44}},"13":{"start":{"line":44,"column":4},"end":{"line":44,"column":16}},"14":{"start":{"line":30,"column":13},"end":{"line":30,"column":35}},"15":{"start":{"line":48,"column":35},"end":{"line":68,"column":1}},"16":{"start":{"line":53,"column":17},"end":{"line":53,"column":27}},"17":{"start":{"line":55,"column":2},"end":{"line":67,"column":3}},"18":{"start":{"line":56,"column":25},"end":{"line":58,"column":6}},"19":{"start":{"line":60,"column":4},"end":{"line":62,"column":5}},"20":{"start":{"line":61,"column":6},"end":{"line":61,"column":55}},"21":{"start":{"line":64,"column":4},"end":{"line":64,"column":39}},"22":{"start":{"line":66,"column":4},"end":{"line":66,"column":16}},"23":{"start":{"line":48,"column":13},"end":{"line":48,"column":35}},"24":{"start":{"line":70,"column":34},"end":{"line":98,"column":1}},"25":{"start":{"line":75,"column":17},"end":{"line":75,"column":27}},"26":{"start":{"line":77,"column":2},"end":{"line":97,"column":3}},"27":{"start":{"line":78,"column":25},"end":{"line":80,"column":6}},"28":{"start":{"line":82,"column":4},"end":{"line":84,"column":5}},"29":{"start":{"line":83,"column":6},"end":{"line":83,"column":55}},"30":{"start":{"line":86,"column":33},"end":{"line":92,"column":6}},"31":{"start":{"line":94,"column":4},"end":{"line":94,"column":47}},"32":{"start":{"line":96,"column":4},"end":{"line":96,"column":16}},"33":{"start":{"line":70,"column":13},"end":{"line":70,"column":34}},"34":{"start":{"line":100,"column":34},"end":{"line":124,"column":1}},"35":{"start":{"line":105,"column":17},"end":{"line":105,"column":27}},"36":{"start":{"line":107,"column":2},"end":{"line":123,"column":3}},"37":{"start":{"line":108,"column":25},"end":{"line":110,"column":6}},"38":{"start":{"line":112,"column":4},"end":{"line":114,"column":5}},"39":{"start":{"line":113,"column":6},"end":{"line":113,"column":55}},"40":{"start":{"line":116,"column":4},"end":{"line":118,"column":7}},"41":{"start":{"line":120,"column":4},"end":{"line":120,"column":70}},"42":{"start":{"line":122,"column":4},"end":{"line":122,"column":16}},"43":{"start":{"line":100,"column":13},"end":{"line":100,"column":34}}},"fnMap":{"0":{"name":"(anonymous_1)","decl":{"start":{"line":15,"column":34},"end":{"line":15,"column":39}},"loc":{"start":{"line":19,"column":4},"end":{"line":28,"column":1}}},"1":{"name":"(anonymous_2)","decl":{"start":{"line":30,"column":35},"end":{"line":30,"column":40}},"loc":{"start":{"line":34,"column":4},"end":{"line":46,"column":1}}},"2":{"name":"(anonymous_3)","decl":{"start":{"line":48,"column":35},"end":{"line":48,"column":40}},"loc":{"start":{"line":52,"column":4},"end":{"line":68,"column":1}}},"3":{"name":"(anonymous_4)","decl":{"start":{"line":70,"column":34},"end":{"line":70,"column":39}},"loc":{"start":{"line":74,"column":4},"end":{"line":98,"column":1}}},"4":{"name":"(anonymous_5)","decl":{"start":{"line":100,"column":34},"end":{"line":100,"column":39}},"loc":{"start":{"line":104,"column":4},"end":{"line":124,"column":1}}}},"branchMap":{"0":{"loc":{"start":{"line":60,"column":4},"end":{"line":62,"column":5}},"type":"if","locations":[{"start":{"line":60,"column":4},"end":{"line":62,"column":5}},{"start":{},"end":{}}]},"1":{"loc":{"start":{"line":82,"column":4},"end":{"line":84,"column":5}},"type":"if","locations":[{"start":{"line":82,"column":4},"end":{"line":84,"column":5}},{"start":{},"end":{}}]},"2":{"loc":{"start":{"line":112,"column":4},"end":{"line":114,"column":5}},"type":"if","locations":[{"start":{"line":112,"column":4},"end":{"line":114,"column":5}},{"start":{},"end":{}}]}},"s":{"0":0,"1":0,"2":0,"3":0,"4":0,"5":0,"6":0,"7":0,"8":0,"9":0,"10":0,"11":0,"12":0,"13":0,"14":0,"15":0,"16":0,"17":0,"18":0,"19":0,"20":0,"21":0,"22":0,"23":0,"24":0,"25":0,"26":0,"27":0,"28":0,"29":0,"30":0,"31":0,"32":0,"33":0,"34":0,"35":0,"36":0,"37":0,"38":0,"39":0,"40":0,"41":0,"42":0,"43":0},"f":{"0":0,"1":0,"2":0,"3":0,"4":0},"b":{"0":[0,0],"1":[0,0],"2":[0,0]}}
,"/media/dominique/Development/E1N/helpy/server/controllers/healthIndicator.controller.ts": {"path":"/media/dominique/Development/E1N/helpy/server/controllers/healthIndicator.controller.ts","statementMap":{"0":{"start":{"line":2,"column":0},"end":{"line":2,"column":40}},"1":{"start":{"line":3,"column":0},"end":{"line":3,"column":42}},"2":{"start":{"line":6,"column":15},"end":{"line":6,"column":33}},"3":{"start":{"line":15,"column":37},"end":{"line":28,"column":1}},"4":{"start":{"line":20,"column":2},"end":{"line":27,"column":3}},"5":{"start":{"line":21,"column":36},"end":{"line":23,"column":6}},"6":{"start":{"line":24,"column":4},"end":{"line":24,"column":50}},"7":{"start":{"line":26,"column":4},"end":{"line":26,"column":16}},"8":{"start":{"line":15,"column":13},"end":{"line":15,"column":37}},"9":{"start":{"line":30,"column":38},"end":{"line":46,"column":1}},"10":{"start":{"line":35,"column":2},"end":{"line":45,"column":3}},"11":{"start":{"line":36,"column":29},"end":{"line":40,"column":6}},"12":{"start":{"line":42,"column":4},"end":{"line":42,"column":47}},"13":{"start":{"line":44,"column":4},"end":{"line":44,"column":16}},"14":{"start":{"line":30,"column":13},"end":{"line":30,"column":38}},"15":{"start":{"line":48,"column":38},"end":{"line":68,"column":1}},"16":{"start":{"line":53,"column":17},"end":{"line":53,"column":27}},"17":{"start":{"line":55,"column":2},"end":{"line":67,"column":3}},"18":{"start":{"line":56,"column":28},"end":{"line":58,"column":6}},"19":{"start":{"line":60,"column":4},"end":{"line":62,"column":5}},"20":{"start":{"line":61,"column":6},"end":{"line":61,"column":58}},"21":{"start":{"line":64,"column":4},"end":{"line":64,"column":42}},"22":{"start":{"line":66,"column":4},"end":{"line":66,"column":16}},"23":{"start":{"line":48,"column":13},"end":{"line":48,"column":38}},"24":{"start":{"line":70,"column":37},"end":{"line":98,"column":1}},"25":{"start":{"line":75,"column":17},"end":{"line":75,"column":27}},"26":{"start":{"line":77,"column":2},"end":{"line":97,"column":3}},"27":{"start":{"line":78,"column":28},"end":{"line":80,"column":6}},"28":{"start":{"line":82,"column":4},"end":{"line":84,"column":5}},"29":{"start":{"line":83,"column":6},"end":{"line":83,"column":58}},"30":{"start":{"line":86,"column":36},"end":{"line":92,"column":6}},"31":{"start":{"line":94,"column":4},"end":{"line":94,"column":50}},"32":{"start":{"line":96,"column":4},"end":{"line":96,"column":16}},"33":{"start":{"line":70,"column":13},"end":{"line":70,"column":37}},"34":{"start":{"line":100,"column":37},"end":{"line":124,"column":1}},"35":{"start":{"line":105,"column":17},"end":{"line":105,"column":27}},"36":{"start":{"line":107,"column":2},"end":{"line":123,"column":3}},"37":{"start":{"line":108,"column":28},"end":{"line":110,"column":6}},"38":{"start":{"line":112,"column":4},"end":{"line":114,"column":5}},"39":{"start":{"line":113,"column":6},"end":{"line":113,"column":58}},"40":{"start":{"line":116,"column":4},"end":{"line":118,"column":7}},"41":{"start":{"line":120,"column":4},"end":{"line":120,"column":73}},"42":{"start":{"line":122,"column":4},"end":{"line":122,"column":16}},"43":{"start":{"line":100,"column":13},"end":{"line":100,"column":37}}},"fnMap":{"0":{"name":"(anonymous_1)","decl":{"start":{"line":15,"column":37},"end":{"line":15,"column":42}},"loc":{"start":{"line":19,"column":4},"end":{"line":28,"column":1}}},"1":{"name":"(anonymous_2)","decl":{"start":{"line":30,"column":38},"end":{"line":30,"column":43}},"loc":{"start":{"line":34,"column":4},"end":{"line":46,"column":1}}},"2":{"name":"(anonymous_3)","decl":{"start":{"line":48,"column":38},"end":{"line":48,"column":43}},"loc":{"start":{"line":52,"column":4},"end":{"line":68,"column":1}}},"3":{"name":"(anonymous_4)","decl":{"start":{"line":70,"column":37},"end":{"line":70,"column":42}},"loc":{"start":{"line":74,"column":4},"end":{"line":98,"column":1}}},"4":{"name":"(anonymous_5)","decl":{"start":{"line":100,"column":37},"end":{"line":100,"column":42}},"loc":{"start":{"line":104,"column":4},"end":{"line":124,"column":1}}}},"branchMap":{"0":{"loc":{"start":{"line":60,"column":4},"end":{"line":62,"column":5}},"type":"if","locations":[{"start":{"line":60,"column":4},"end":{"line":62,"column":5}},{"start":{},"end":{}}]},"1":{"loc":{"start":{"line":82,"column":4},"end":{"line":84,"column":5}},"type":"if","locations":[{"start":{"line":82,"column":4},"end":{"line":84,"column":5}},{"start":{},"end":{}}]},"2":{"loc":{"start":{"line":112,"column":4},"end":{"line":114,"column":5}},"type":"if","locations":[{"start":{"line":112,"column":4},"end":{"line":114,"column":5}},{"start":{},"end":{}}]}},"s":{"0":0,"1":0,"2":0,"3":0,"4":0,"5":0,"6":0,"7":0,"8":0,"9":0,"10":0,"11":0,"12":0,"13":0,"14":0,"15":0,"16":0,"17":0,"18":0,"19":0,"20":0,"21":0,"22":0,"23":0,"24":0,"25":0,"26":0,"27":0,"28":0,"29":0,"30":0,"31":0,"32":0,"33":0,"34":0,"35":0,"36":0,"37":0,"38":0,"39":0,"40":0,"41":0,"42":0,"43":0},"f":{"0":0,"1":0,"2":0,"3":0,"4":0},"b":{"0":[0,0],"1":[0,0],"2":[0,0]}}
,"/media/dominique/Development/E1N/helpy/server/controllers/helpOffer.controller.ts": {"path":"/media/dominique/Development/E1N/helpy/server/controllers/helpOffer.controller.ts","statementMap":{"0":{"start":{"line":2,"column":0},"end":{"line":2,"column":40}},"1":{"start":{"line":3,"column":0},"end":{"line":3,"column":42}},"2":{"start":{"line":6,"column":15},"end":{"line":6,"column":33}},"3":{"start":{"line":15,"column":31},"end":{"line":28,"column":1}},"4":{"start":{"line":20,"column":2},"end":{"line":27,"column":3}},"5":{"start":{"line":21,"column":30},"end":{"line":23,"column":6}},"6":{"start":{"line":24,"column":4},"end":{"line":24,"column":44}},"7":{"start":{"line":26,"column":4},"end":{"line":26,"column":16}},"8":{"start":{"line":15,"column":13},"end":{"line":15,"column":31}},"9":{"start":{"line":30,"column":32},"end":{"line":46,"column":1}},"10":{"start":{"line":35,"column":2},"end":{"line":45,"column":3}},"11":{"start":{"line":36,"column":23},"end":{"line":40,"column":6}},"12":{"start":{"line":42,"column":4},"end":{"line":42,"column":41}},"13":{"start":{"line":44,"column":4},"end":{"line":44,"column":16}},"14":{"start":{"line":30,"column":13},"end":{"line":30,"column":32}},"15":{"start":{"line":48,"column":32},"end":{"line":68,"column":1}},"16":{"start":{"line":53,"column":17},"end":{"line":53,"column":27}},"17":{"start":{"line":55,"column":2},"end":{"line":67,"column":3}},"18":{"start":{"line":56,"column":22},"end":{"line":58,"column":6}},"19":{"start":{"line":60,"column":4},"end":{"line":62,"column":5}},"20":{"start":{"line":61,"column":6},"end":{"line":61,"column":54}},"21":{"start":{"line":64,"column":4},"end":{"line":64,"column":36}},"22":{"start":{"line":66,"column":4},"end":{"line":66,"column":16}},"23":{"start":{"line":48,"column":13},"end":{"line":48,"column":32}},"24":{"start":{"line":70,"column":31},"end":{"line":98,"column":1}},"25":{"start":{"line":75,"column":17},"end":{"line":75,"column":27}},"26":{"start":{"line":77,"column":2},"end":{"line":97,"column":3}},"27":{"start":{"line":78,"column":22},"end":{"line":80,"column":6}},"28":{"start":{"line":82,"column":4},"end":{"line":84,"column":5}},"29":{"start":{"line":83,"column":6},"end":{"line":83,"column":54}},"30":{"start":{"line":86,"column":30},"end":{"line":92,"column":6}},"31":{"start":{"line":94,"column":4},"end":{"line":94,"column":44}},"32":{"start":{"line":96,"column":4},"end":{"line":96,"column":16}},"33":{"start":{"line":70,"column":13},"end":{"line":70,"column":31}},"34":{"start":{"line":100,"column":31},"end":{"line":124,"column":1}},"35":{"start":{"line":105,"column":17},"end":{"line":105,"column":27}},"36":{"start":{"line":107,"column":2},"end":{"line":123,"column":3}},"37":{"start":{"line":108,"column":22},"end":{"line":110,"column":6}},"38":{"start":{"line":112,"column":4},"end":{"line":114,"column":5}},"39":{"start":{"line":113,"column":6},"end":{"line":113,"column":54}},"40":{"start":{"line":116,"column":4},"end":{"line":118,"column":7}},"41":{"start":{"line":120,"column":4},"end":{"line":120,"column":69}},"42":{"start":{"line":122,"column":4},"end":{"line":122,"column":16}},"43":{"start":{"line":100,"column":13},"end":{"line":100,"column":31}}},"fnMap":{"0":{"name":"(anonymous_1)","decl":{"start":{"line":15,"column":31},"end":{"line":15,"column":36}},"loc":{"start":{"line":19,"column":4},"end":{"line":28,"column":1}}},"1":{"name":"(anonymous_2)","decl":{"start":{"line":30,"column":32},"end":{"line":30,"column":37}},"loc":{"start":{"line":34,"column":4},"end":{"line":46,"column":1}}},"2":{"name":"(anonymous_3)","decl":{"start":{"line":48,"column":32},"end":{"line":48,"column":37}},"loc":{"start":{"line":52,"column":4},"end":{"line":68,"column":1}}},"3":{"name":"(anonymous_4)","decl":{"start":{"line":70,"column":31},"end":{"line":70,"column":36}},"loc":{"start":{"line":74,"column":4},"end":{"line":98,"column":1}}},"4":{"name":"(anonymous_5)","decl":{"start":{"line":100,"column":31},"end":{"line":100,"column":36}},"loc":{"start":{"line":104,"column":4},"end":{"line":124,"column":1}}}},"branchMap":{"0":{"loc":{"start":{"line":60,"column":4},"end":{"line":62,"column":5}},"type":"if","locations":[{"start":{"line":60,"column":4},"end":{"line":62,"column":5}},{"start":{},"end":{}}]},"1":{"loc":{"start":{"line":82,"column":4},"end":{"line":84,"column":5}},"type":"if","locations":[{"start":{"line":82,"column":4},"end":{"line":84,"column":5}},{"start":{},"end":{}}]},"2":{"loc":{"start":{"line":112,"column":4},"end":{"line":114,"column":5}},"type":"if","locations":[{"start":{"line":112,"column":4},"end":{"line":114,"column":5}},{"start":{},"end":{}}]}},"s":{"0":0,"1":0,"2":0,"3":0,"4":0,"5":0,"6":0,"7":0,"8":0,"9":0,"10":0,"11":0,"12":0,"13":0,"14":0,"15":0,"16":0,"17":0,"18":0,"19":0,"20":0,"21":0,"22":0,"23":0,"24":0,"25":0,"26":0,"27":0,"28":0,"29":0,"30":0,"31":0,"32":0,"33":0,"34":0,"35":0,"36":0,"37":0,"38":0,"39":0,"40":0,"41":0,"42":0,"43":0},"f":{"0":0,"1":0,"2":0,"3":0,"4":0},"b":{"0":[0,0],"1":[0,0],"2":[0,0]}}
,"/media/dominique/Development/E1N/helpy/server/controllers/helpRequest.controller.ts": {"path":"/media/dominique/Development/E1N/helpy/server/controllers/helpRequest.controller.ts","statementMap":{"0":{"start":{"line":2,"column":0},"end":{"line":2,"column":40}},"1":{"start":{"line":3,"column":0},"end":{"line":3,"column":42}},"2":{"start":{"line":6,"column":15},"end":{"line":6,"column":33}},"3":{"start":{"line":15,"column":33},"end":{"line":28,"column":1}},"4":{"start":{"line":20,"column":2},"end":{"line":27,"column":3}},"5":{"start":{"line":21,"column":32},"end":{"line":23,"column":6}},"6":{"start":{"line":24,"column":4},"end":{"line":24,"column":46}},"7":{"start":{"line":26,"column":4},"end":{"line":26,"column":16}},"8":{"start":{"line":15,"column":13},"end":{"line":15,"column":33}},"9":{"start":{"line":30,"column":34},"end":{"line":46,"column":1}},"10":{"start":{"line":35,"column":2},"end":{"line":45,"column":3}},"11":{"start":{"line":36,"column":25},"end":{"line":40,"column":6}},"12":{"start":{"line":42,"column":4},"end":{"line":42,"column":43}},"13":{"start":{"line":44,"column":4},"end":{"line":44,"column":16}},"14":{"start":{"line":30,"column":13},"end":{"line":30,"column":34}},"15":{"start":{"line":48,"column":34},"end":{"line":68,"column":1}},"16":{"start":{"line":53,"column":17},"end":{"line":53,"column":27}},"17":{"start":{"line":55,"column":2},"end":{"line":67,"column":3}},"18":{"start":{"line":56,"column":24},"end":{"line":58,"column":6}},"19":{"start":{"line":60,"column":4},"end":{"line":62,"column":5}},"20":{"start":{"line":61,"column":6},"end":{"line":61,"column":56}},"21":{"start":{"line":64,"column":4},"end":{"line":64,"column":38}},"22":{"start":{"line":66,"column":4},"end":{"line":66,"column":16}},"23":{"start":{"line":48,"column":13},"end":{"line":48,"column":34}},"24":{"start":{"line":70,"column":33},"end":{"line":98,"column":1}},"25":{"start":{"line":75,"column":17},"end":{"line":75,"column":27}},"26":{"start":{"line":77,"column":2},"end":{"line":97,"column":3}},"27":{"start":{"line":78,"column":24},"end":{"line":80,"column":6}},"28":{"start":{"line":82,"column":4},"end":{"line":84,"column":5}},"29":{"start":{"line":83,"column":6},"end":{"line":83,"column":56}},"30":{"start":{"line":86,"column":32},"end":{"line":92,"column":6}},"31":{"start":{"line":94,"column":4},"end":{"line":94,"column":46}},"32":{"start":{"line":96,"column":4},"end":{"line":96,"column":16}},"33":{"start":{"line":70,"column":13},"end":{"line":70,"column":33}},"34":{"start":{"line":100,"column":33},"end":{"line":124,"column":1}},"35":{"start":{"line":105,"column":17},"end":{"line":105,"column":27}},"36":{"start":{"line":107,"column":2},"end":{"line":123,"column":3}},"37":{"start":{"line":108,"column":24},"end":{"line":110,"column":6}},"38":{"start":{"line":112,"column":4},"end":{"line":114,"column":5}},"39":{"start":{"line":113,"column":6},"end":{"line":113,"column":56}},"40":{"start":{"line":116,"column":4},"end":{"line":118,"column":7}},"41":{"start":{"line":120,"column":4},"end":{"line":120,"column":71}},"42":{"start":{"line":122,"column":4},"end":{"line":122,"column":16}},"43":{"start":{"line":100,"column":13},"end":{"line":100,"column":33}}},"fnMap":{"0":{"name":"(anonymous_1)","decl":{"start":{"line":15,"column":33},"end":{"line":15,"column":38}},"loc":{"start":{"line":19,"column":4},"end":{"line":28,"column":1}}},"1":{"name":"(anonymous_2)","decl":{"start":{"line":30,"column":34},"end":{"line":30,"column":39}},"loc":{"start":{"line":34,"column":4},"end":{"line":46,"column":1}}},"2":{"name":"(anonymous_3)","decl":{"start":{"line":48,"column":34},"end":{"line":48,"column":39}},"loc":{"start":{"line":52,"column":4},"end":{"line":68,"column":1}}},"3":{"name":"(anonymous_4)","decl":{"start":{"line":70,"column":33},"end":{"line":70,"column":38}},"loc":{"start":{"line":74,"column":4},"end":{"line":98,"column":1}}},"4":{"name":"(anonymous_5)","decl":{"start":{"line":100,"column":33},"end":{"line":100,"column":38}},"loc":{"start":{"line":104,"column":4},"end":{"line":124,"column":1}}}},"branchMap":{"0":{"loc":{"start":{"line":60,"column":4},"end":{"line":62,"column":5}},"type":"if","locations":[{"start":{"line":60,"column":4},"end":{"line":62,"column":5}},{"start":{},"end":{}}]},"1":{"loc":{"start":{"line":82,"column":4},"end":{"line":84,"column":5}},"type":"if","locations":[{"start":{"line":82,"column":4},"end":{"line":84,"column":5}},{"start":{},"end":{}}]},"2":{"loc":{"start":{"line":112,"column":4},"end":{"line":114,"column":5}},"type":"if","locations":[{"start":{"line":112,"column":4},"end":{"line":114,"column":5}},{"start":{},"end":{}}]}},"s":{"0":0,"1":0,"2":0,"3":0,"4":0,"5":0,"6":0,"7":0,"8":0,"9":0,"10":0,"11":0,"12":0,"13":0,"14":0,"15":0,"16":0,"17":0,"18":0,"19":0,"20":0,"21":0,"22":0,"23":0,"24":0,"25":0,"26":0,"27":0,"28":0,"29":0,"30":0,"31":0,"32":0,"33":0,"34":0,"35":0,"36":0,"37":0,"38":0,"39":0,"40":0,"41":0,"42":0,"43":0},"f":{"0":0,"1":0,"2":0,"3":0,"4":0},"b":{"0":[0,0],"1":[0,0],"2":[0,0]}}
,"/media/dominique/Development/E1N/helpy/server/controllers/index.ts": {"path":"/media/dominique/Development/E1N/helpy/server/controllers/index.ts","statementMap":{"0":{"start":{"line":2,"column":0},"end":{"line":2,"column":34}},"1":{"start":{"line":8,"column":0},"end":{"line":8,"column":54}},"2":{"start":{"line":9,"column":0},"end":{"line":9,"column":49}},"3":{"start":{"line":10,"column":0},"end":{"line":10,"column":52}},"4":{"start":{"line":11,"column":0},"end":{"line":11,"column":61}},"5":{"start":{"line":12,"column":0},"end":{"line":12,"column":35}},"6":{"start":{"line":13,"column":0},"end":{"line":13,"column":45}},"7":{"start":{"line":14,"column":0},"end":{"line":14,"column":47}},"8":{"start":{"line":15,"column":0},"end":{"line":15,"column":50}},"9":{"start":{"line":16,"column":0},"end":{"line":16,"column":45}},"10":{"start":{"line":17,"column":0},"end":{"line":17,"column":42}},"11":{"start":{"line":18,"column":0},"end":{"line":18,"column":53}},"12":{"start":{"line":19,"column":0},"end":{"line":19,"column":45}},"13":{"start":{"line":20,"column":0},"end":{"line":20,"column":42}},"14":{"start":{"line":21,"column":0},"end":{"line":21,"column":45}},"15":{"start":{"line":22,"column":0},"end":{"line":22,"column":39}},"16":{"start":{"line":23,"column":0},"end":{"line":23,"column":41}},"17":{"start":{"line":24,"column":0},"end":{"line":24,"column":42}},"18":{"start":{"line":25,"column":0},"end":{"line":25,"column":48}},"19":{"start":{"line":26,"column":0},"end":{"line":26,"column":38}},"20":{"start":{"line":27,"column":0},"end":{"line":27,"column":37}},"21":{"start":{"line":28,"column":0},"end":{"line":28,"column":45}},"22":{"start":{"line":29,"column":0},"end":{"line":29,"column":44}},"23":{"start":{"line":30,"column":0},"end":{"line":30,"column":42}},"24":{"start":{"line":31,"column":0},"end":{"line":31,"column":53}},"25":{"start":{"line":32,"column":0},"end":{"line":32,"column":47}},"26":{"start":{"line":33,"column":0},"end":{"line":33,"column":43}},"27":{"start":{"line":34,"column":0},"end":{"line":34,"column":41}},"28":{"start":{"line":35,"column":0},"end":{"line":35,"column":38}},"29":{"start":{"line":36,"column":0},"end":{"line":36,"column":48}},"30":{"start":{"line":37,"column":0},"end":{"line":37,"column":46}},"31":{"start":{"line":38,"column":0},"end":{"line":38,"column":43}},"32":{"start":{"line":39,"column":0},"end":{"line":39,"column":35}},"33":{"start":{"line":40,"column":0},"end":{"line":40,"column":44}},"34":{"start":{"line":41,"column":0},"end":{"line":41,"column":41}},"35":{"start":{"line":42,"column":0},"end":{"line":42,"column":44}},"36":{"start":{"line":43,"column":0},"end":{"line":43,"column":46}},"37":{"start":{"line":44,"column":0},"end":{"line":44,"column":34}},"38":{"start":{"line":45,"column":0},"end":{"line":45,"column":42}},"39":{"start":{"line":46,"column":0},"end":{"line":46,"column":39}},"40":{"start":{"line":47,"column":0},"end":{"line":47,"column":42}},"41":{"start":{"line":48,"column":0},"end":{"line":48,"column":40}},"42":{"start":{"line":49,"column":0},"end":{"line":49,"column":45}},"43":{"start":{"line":50,"column":0},"end":{"line":50,"column":39}},"44":{"start":{"line":51,"column":0},"end":{"line":51,"column":44}},"45":{"start":{"line":52,"column":0},"end":{"line":52,"column":39}},"46":{"start":{"line":53,"column":0},"end":{"line":53,"column":42}},"47":{"start":{"line":54,"column":0},"end":{"line":54,"column":43}}},"fnMap":{},"branchMap":{},"s":{"0":0,"1":0,"2":0,"3":0,"4":0,"5":0,"6":0,"7":0,"8":0,"9":0,"10":0,"11":0,"12":0,"13":0,"14":0,"15":0,"16":0,"17":0,"18":0,"19":0,"20":0,"21":0,"22":0,"23":0,"24":0,"25":0,"26":0,"27":0,"28":0,"29":0,"30":0,"31":0,"32":0,"33":0,"34":0,"35":0,"36":0,"37":0,"38":0,"39":0,"40":0
[...]
ine":71,"column":13},"end":{"line":71,"column":33}},"34":{"start":{"line":100,"column":33},"end":{"line":125,"column":1}},"35":{"start":{"line":105,"column":17},"end":{"line":105,"column":27}},"36":{"start":{"line":107,"column":2},"end":{"line":124,"column":3}},"37":{"start":{"line":108,"column":16},"end":{"line":110,"column":6}},"38":{"start":{"line":112,"column":4},"end":{"line":114,"column":5}},"39":{"start":{"line":113,"column":6},"end":{"line":113,"column":62}},"40":{"start":{"line":116,"column":4},"end":{"line":118,"column":7}},"41":{"start":{"line":121,"column":4},"end":{"line":121,"column":77}},"42":{"start":{"line":123,"column":4},"end":{"line":123,"column":16}},"43":{"start":{"line":100,"column":13},"end":{"line":100,"column":33}}},"fnMap":{"0":{"name":"(anonymous_1)","decl":{"start":{"line":16,"column":33},"end":{"line":16,"column":38}},"loc":{"start":{"line":20,"column":4},"end":{"line":29,"column":1}}},"1":{"name":"(anonymous_2)","decl":{"start":{"line":31,"column":34},"end":{"line":31,"column":39}},"loc":{"start":{"line":35,"column":4},"end":{"line":47,"column":1}}},"2":{"name":"(anonymous_3)","decl":{"start":{"line":49,"column":34},"end":{"line":49,"column":39}},"loc":{"start":{"line":53,"column":4},"end":{"line":69,"column":1}}},"3":{"name":"(anonymous_4)","decl":{"start":{"line":71,"column":33},"end":{"line":71,"column":38}},"loc":{"start":{"line":75,"column":4},"end":{"line":98,"column":1}}},"4":{"name":"(anonymous_5)","decl":{"start":{"line":100,"column":33},"end":{"line":100,"column":38}},"loc":{"start":{"line":104,"column":4},"end":{"line":125,"column":1}}}},"branchMap":{"0":{"loc":{"start":{"line":61,"column":4},"end":{"line":63,"column":5}},"type":"if","locations":[{"start":{"line":61,"column":4},"end":{"line":63,"column":5}},{"start":{},"end":{}}]},"1":{"loc":{"start":{"line":83,"column":4},"end":{"line":85,"column":5}},"type":"if","locations":[{"start":{"line":83,"column":4},"end":{"line":85,"column":5}},{"start":{},"end":{}}]},"2":{"loc":{"start":{"line":112,"column":4},"end":{"line":114,"column":5}},"type":"if","locations":[{"start":{"line":112,"column":4},"end":{"line":114,"column":5}},{"start":{},"end":{}}]}},"s":{"0":0,"1":0,"2":0,"3":0,"4":0,"5":0,"6":0,"7":0,"8":0,"9":0,"10":0,"11":0,"12":0,"13":0,"14":0,"15":0,"16":0,"17":0,"18":0,"19":0,"20":0,"21":0,"22":0,"23":0,"24":0,"25":0,"26":0,"27":0,"28":0,"29":0,"30":0,"31":0,"32":0,"33":0,"34":0,"35":0,"36":0,"37":0,"38":0,"39":0,"40":0,"41":0,"42":0,"43":0},"f":{"0":0,"1":0,"2":0,"3":0,"4":0},"b":{"0":[0,0],"1":[0,0],"2":[0,0]}}
,"/media/dominique/Development/E1N/helpy/server/controllers/activities/activityRegistration.controller.ts": {"path":"/media/dominique/Development/E1N/helpy/server/controllers/activities/activityRegistration.controller.ts","statementMap":{"0":{"start":{"line":2,"column":0},"end":{"line":2,"column":42}},"1":{"start":{"line":4,"column":0},"end":{"line":4,"column":40}},"2":{"start":{"line":7,"column":15},"end":{"line":7,"column":33}},"3":{"start":{"line":16,"column":42},"end":{"line":29,"column":1}},"4":{"start":{"line":21,"column":2},"end":{"line":28,"column":3}},"5":{"start":{"line":22,"column":33},"end":{"line":24,"column":6}},"6":{"start":{"line":25,"column":4},"end":{"line":25,"column":47}},"7":{"start":{"line":27,"column":4},"end":{"line":27,"column":16}},"8":{"start":{"line":16,"column":13},"end":{"line":16,"column":42}},"9":{"start":{"line":31,"column":43},"end":{"line":47,"column":1}},"10":{"start":{"line":36,"column":2},"end":{"line":46,"column":3}},"11":{"start":{"line":37,"column":26},"end":{"line":41,"column":6}},"12":{"start":{"line":43,"column":4},"end":{"line":43,"column":44}},"13":{"start":{"line":45,"column":4},"end":{"line":45,"column":16}},"14":{"start":{"line":31,"column":13},"end":{"line":31,"column":43}},"15":{"start":{"line":49,"column":43},"end":{"line":69,"column":1}},"16":{"start":{"line":54,"column":17},"end":{"line":54,"column":27}},"17":{"start":{"line":56,"column":2},"end":{"line":68,"column":3}},"18":{"start":{"line":57,"column":25},"end":{"line":59,"column":6}},"19":{"start":{"line":61,"column":4},"end":{"line":63,"column":5}},"20":{"start":{"line":62,"column":6},"end":{"line":62,"column":63}},"21":{"start":{"line":65,"column":4},"end":{"line":65,"column":39}},"22":{"start":{"line":67,"column":4},"end":{"line":67,"column":16}},"23":{"start":{"line":49,"column":13},"end":{"line":49,"column":43}},"24":{"start":{"line":71,"column":42},"end":{"line":98,"column":1}},"25":{"start":{"line":76,"column":17},"end":{"line":76,"column":27}},"26":{"start":{"line":78,"column":2},"end":{"line":97,"column":3}},"27":{"start":{"line":79,"column":25},"end":{"line":81,"column":6}},"28":{"start":{"line":83,"column":4},"end":{"line":85,"column":5}},"29":{"start":{"line":84,"column":6},"end":{"line":84,"column":63}},"30":{"start":{"line":87,"column":33},"end":{"line":93,"column":6}},"31":{"start":{"line":94,"column":4},"end":{"line":94,"column":47}},"32":{"start":{"line":96,"column":4},"end":{"line":96,"column":16}},"33":{"start":{"line":71,"column":13},"end":{"line":71,"column":42}},"34":{"start":{"line":100,"column":42},"end":{"line":125,"column":1}},"35":{"start":{"line":105,"column":17},"end":{"line":105,"column":27}},"36":{"start":{"line":107,"column":2},"end":{"line":124,"column":3}},"37":{"start":{"line":108,"column":25},"end":{"line":110,"column":6}},"38":{"start":{"line":112,"column":4},"end":{"line":114,"column":5}},"39":{"start":{"line":113,"column":6},"end":{"line":113,"column":63}},"40":{"start":{"line":116,"column":4},"end":{"line":118,"column":7}},"41":{"start":{"line":121,"column":4},"end":{"line":121,"column":78}},"42":{"start":{"line":123,"column":4},"end":{"line":123,"column":16}},"43":{"start":{"line":100,"column":13},"end":{"line":100,"column":42}}},"fnMap":{"0":{"name":"(anonymous_1)","decl":{"start":{"line":16,"column":42},"end":{"line":16,"column":47}},"loc":{"start":{"line":20,"column":4},"end":{"line":29,"column":1}}},"1":{"name":"(anonymous_2)","decl":{"start":{"line":31,"column":43},"end":{"line":31,"column":48}},"loc":{"start":{"line":35,"column":19},"end":{"line":47,"column":1}}},"2":{"name":"(anonymous_3)","decl":{"start":{"line":49,"column":43},"end":{"line":49,"column":48}},"loc":{"start":{"line":53,"column":19},"end":{"line":69,"column":1}}},"3":{"name":"(anonymous_4)","decl":{"start":{"line":71,"column":42},"end":{"line":71,"column":47}},"loc":{"start":{"line":75,"column":19},"end":{"line":98,"column":1}}},"4":{"name":"(anonymous_5)","decl":{"start":{"line":100,"column":42},"end":{"line":100,"column":47}},"loc":{"start":{"line":104,"column":19},"end":{"line":125,"column":1}}}},"branchMap":{"0":{"loc":{"start":{"line":61,"column":4},"end":{"line":63,"column":5}},"type":"if","locations":[{"start":{"line":61,"column":4},"end":{"line":63,"column":5}},{"start":{},"end":{}}]},"1":{"loc":{"start":{"line":83,"column":4},"end":{"line":85,"column":5}},"type":"if","locations":[{"start":{"line":83,"column":4},"end":{"line":85,"column":5}},{"start":{},"end":{}}]},"2":{"loc":{"start":{"line":112,"column":4},"end":{"line":114,"column":5}},"type":"if","locations":[{"start":{"line":112,"column":4},"end":{"line":114,"column":5}},{"start":{},"end":{}}]}},"s":{"0":0,"1":0,"2":0,"3":0,"4":0,"5":0,"6":0,"7":0,"8":0,"9":0,"10":0,"11":0,"12":0,"13":0,"14":0,"15":0,"16":0,"17":0,"18":0,"19":0,"20":0,"21":0,"22":0,"23":0,"24":0,"25":0,"26":0,"27":0,"28":0,"29":0,"30":0,"31":0,"32":0,"33":0,"34":0,"35":0,"36":0,"37":0,"38":0,"39":0,"40":0,"41":0,"42":0,"43":0},"f":{"0":0,"1":0,"2":0,"3":0,"4":0},"b":{"0":[0,0],"1":[0,0],"2":[0,0]}}
,"/media/dominique/Development/E1N/helpy/server/controllers/categories/category.meta.controller.ts": {"path":"/media/dominique/Development/E1N/helpy/server/controllers/categories/category.meta.controller.ts","statementMap":{"0":{"start":{"line":6,"column":0},"end":{"line":6,"column":7}},"1":{"start":{"line":25,"column":0},"end":{"line":25,"column":7}},"2":{"start":{"line":44,"column":0},"end":{"line":44,"column":7}},"3":{"start":{"line":63,"column":0},"end":{"line":63,"column":7}},"4":{"start":{"line":83,"column":0},"end":{"line":83,"column":7}},"5":{"start":{"line":132,"column":0},"end":{"line":132,"column":7}},"6":{"start":{"line":167,"column":0},"end":{"line":167,"column":7}},"7":{"start":{"line":194,"column":0},"end":{"line":194,"column":7}},"8":{"start":{"line":221,"column":0},"end":{"line":221,"column":7}},"9":{"start":{"line":2,"column":0},"end":{"line":2,"column":47}},"10":{"start":{"line":4,"column":15},"end":{"line":4,"column":33}},"11":{"start":{"line":11,"column":2},"end":{"line":22,"column":3}},"12":{"start":{"line":12,"column":21},"end":{"line":18,"column":6}},"13":{"start":{"line":19,"column":4},"end":{"line":19,"column":48}},"14":{"start":{"line":21,"column":4},"end":{"line":21,"column":16}},"15":{"start":{"line":30,"column":2},"end":{"line":41,"column":3}},"16":{"start":{"line":31,"column":20},"end":{"line":37,"column":6}},"17":{"start":{"line":38,"column":4},"end":{"line":38,"column":49}},"18":{"start":{"line":40,"column":4},"end":{"line":40,"column":16}},"19":{"start":{"line":49,"column":2},"end":{"line":60,"column":3}},"20":{"start":{"line":50,"column":18},"end":{"line":56,"column":6}},"21":{"start":{"line":57,"column":4},"end":{"line":57,"column":45}},"22":{"start":{"line":59,"column":4},"end":{"line":59,"column":16}},"23":{"start":{"line":68,"column":2},"end":{"line":79,"column":3}},"24":{"start":{"line":69,"column":17},"end":{"line":75,"column":6}},"25":{"start":{"line":76,"column":4},"end":{"line":76,"column":46}},"26":{"start":{"line":78,"column":4},"end":{"line":78,"column":16}},"27":{"start":{"line":89,"column":2},"end":{"line":128,"column":3}},"28":{"start":{"line":90,"column":23},"end":{"line":112,"column":6}},"29":{"start":{"line":115,"column":19},"end":{"line":123,"column":7}},"30":{"start":{"line":115,"column":49},"end":{"line":123,"column":6}},"31":{"start":{"line":125,"column":4},"end":{"line":125,"column":33}},"32":{"start":{"line":127,"column":4},"end":{"line":127,"column":16}},"33":{"start":{"line":137,"column":2},"end":{"line":164,"column":3}},"34":{"start":{"line":138,"column":21},"end":{"line":155,"column":6}},"35":{"start":{"line":157,"column":4},"end":{"line":159,"column":5}},"36":{"start":{"line":158,"column":6},"end":{"line":158,"column":67}},"37":{"start":{"line":161,"column":4},"end":{"line":161,"column":35}},"38":{"start":{"line":163,"column":4},"end":{"line":163,"column":16}},"39":{"start":{"line":172,"column":2},"end":{"line":191,"column":3}},"40":{"start":{"line":173,"column":61},"end":{"line":173,"column":69}},"41":{"start":{"line":175,"column":21},"end":{"line":186,"column":6}},"42":{"start":{"line":188,"column":4},"end":{"line":188,"column":35}},"43":{"start":{"line":190,"column":4},"end":{"line":190,"column":16}},"44":{"start":{"line":199,"column":2},"end":{"line":218,"column":3}},"45":{"start":{"line":200,"column":34},"end":{"line":200,"column":42}},"46":{"start":{"line":201,"column":15},"end":{"line":201,"column":36}},"47":{"start":{"line":203,"column":21},"end":{"line":213,"column":6}},"48":{"start":{"line":215,"column":4},"end":{"line":215,"column":35}},"49":{"start":{"line":217,"column":4},"end":{"line":217,"column":16}},"50":{"start":{"line":226,"column":2},"end":{"line":236,"column":3}},"51":{"start":{"line":227,"column":15},"end":{"line":227,"column":36}},"52":{"start":{"line":229,"column":21},"end":{"line":231,"column":6}},"53":{"start":{"line":233,"column":4},"end":{"line":233,"column":35}},"54":{"start":{"line":235,"column":4},"end":{"line":235,"column":16}}},"fnMap":{"0":{"name":"getCategoryChapters","decl":{"start":{"line":6,"column":22},"end":{"line":6,"column":41}},"loc":{"start":{"line":9,"column":20},"end":{"line":23,"column":1}}},"1":{"name":"getCategoryChapterById","decl":{"start":{"line":25,"column":22},"end":{"line":25,"column":44}},"loc":{"start":{"line":28,"column":20},"end":{"line":42,"column":1}}},"2":{"name":"getCategoryTypes","decl":{"start":{"line":44,"column":22},"end":{"line":44,"column":38}},"loc":{"start":{"line":47,"column":20},"end":{"line":61,"column":1}}},"3":{"name":"getCategoryTypeById","decl":{"start":{"line":63,"column":22},"end":{"line":63,"column":41}},"loc":{"start":{"line":66,"column":20},"end":{"line":80,"column":1}}},"4":{"name":"getCategories","decl":{"start":{"line":83,"column":22},"end":{"line":83,"column":35}},"loc":{"start":{"line":87,"column":24},"end":{"line":129,"column":1}}},"5":{"name":"(anonymous_5)","decl":{"start":{"line":115,"column":34},"end":{"line":115,"column":35}},"loc":{"start":{"line":115,"column":49},"end":{"line":123,"column":6}}},"6":{"name":"getCategoryById","decl":{"start":{"line":132,"column":22},"end":{"line":132,"column":37}},"loc":{"start":{"line":135,"column":20},"end":{"line":165,"column":1}}},"7":{"name":"createCategory","decl":{"start":{"line":167,"column":22},"end":{"line":167,"column":36}},"loc":{"start":{"line":170,"column":20},"end":{"line":192,"column":1}}},"8":{"name":"updateCategory","decl":{"start":{"line":194,"column":22},"end":{"line":194,"column":36}},"loc":{"start":{"line":197,"column":20},"end":{"line":219,"column":1}}},"9":{"name":"deleteCategory","decl":{"start":{"line":221,"column":22},"end":{"line":221,"column":36}},"loc":{"start":{"line":224,"column":20},"end":{"line":237,"column":1}}}},"branchMap":{"0":{"loc":{"start":{"line":19,"column":32},"end":{"line":19,"column":46}},"type":"binary-expr","locations":[{"start":{"line":19,"column":32},"end":{"line":19,"column":40}},{"start":{"line":19,"column":44},"end":{"line":19,"column":46}}]},"1":{"loc":{"start":{"line":38,"column":32},"end":{"line":38,"column":47}},"type":"binary-expr","locations":[{"start":{"line":38,"column":32},"end":{"line":38,"column":39}},{"start":{"line":38,"column":43},"end":{"line":38,"column":47}}]},"2":{"loc":{"start":{"line":57,"column":32},"end":{"line":57,"column":43}},"type":"binary-expr","locations":[{"start":{"line":57,"column":32},"end":{"line":57,"column":37}},{"start":{"line":57,"column":41},"end":{"line":57,"column":43}}]},"3":{"loc":{"start":{"line":76,"column":32},"end":{"line":76,"column":44}},"type":"binary-expr","locations":[{"start":{"line":76,"column":32},"end":{"line":76,"column":36}},{"start":{"line":76,"column":40},"end":{"line":76,"column":44}}]},"4":{"loc":{"start":{"line":157,"column":4},"end":{"line":159,"column":5}},"type":"if","locations":[{"start":{"line":157,"column":4},"end":{"line":159,"column":5}},{"start":{},"end":{}}]}},"s":{"0":0,"1":0,"2":0,"3":0,"4":0,"5":0,"6":0,"7":0,"8":0,"9":0,"10":0,"11":0,"12":0,"13":0,"14":0,"15":0,"16":0,"17":0,"18":0,"19":0,"20":0,"21":0,"22":0,"23":0,"24":0,"25":0,"26":0,"27":0,"28":0,"29":0,"30":0,"31":0,"32":0,"33":0,"34":0,"35":0,"36":0,"37":0,"38":0,"39":0,"40":0,"41":0,"42":0,"43":0,"44":0,"45":0,"46":0,"47":0,"48":0,"49":0,"50":0,"51":0,"52":0,"53":0,"54":0},"f":{"0":0,"1":0,"2":0,"3":0,"4":0,"5":0,"6":0,"7":0,"8":0,"9":0},"b":{"0":[0,0],"1":[0,0],"2":[0,0],"3":[0,0],"4":[0,0]}}
,"/media/dominique/Development/E1N/helpy/server/controllers/categories/mood.controller.ts": {"path":"/media/dominique/Development/E1N/helpy/server/controllers/categories/mood.controller.ts","statementMap":{"0":{"start":{"line":2,"column":0},"end":{"line":2,"column":40}},"1":{"start":{"line":3,"column":0},"end":{"line":3,"column":42}},"2":{"start":{"line":6,"column":15},"end":{"line":6,"column":33}},"3":{"start":{"line":14,"column":26},"end":{"line":27,"column":1}},"4":{"start":{"line":19,"column":2},"end":{"line":26,"column":3}},"5":{"start":{"line":20,"column":20},"end":{"line":22,"column":6}},"6":{"start":{"line":23,"column":4},"end":{"line":23,"column":34}},"7":{"start":{"line":25,"column":4},"end":{"line":25,"column":16}},"8":{"start":{"line":14,"column":13},"end":{"line":14,"column":26}},"9":{"start":{"line":29,"column":27},"end":{"line":44,"column":1}},"10":{"start":{"line":34,"column":2},"end":{"line":43,"column":3}},"11":{"start":{"line":35,"column":18},"end":{"line":39,"column":6}},"12":{"start":{"line":40,"column":4},"end":{"line":40,"column":36}},"13":{"start":{"line":42,"column":4},"end":{"line":42,"column":16}},"14":{"start":{"line":29,"column":13},"end":{"line":29,"column":27}},"15":{"start":{"line":46,"column":27},"end":{"line":66,"column":1}},"16":{"start":{"line":51,"column":13},"end":{"line":51,"column":36}},"17":{"start":{"line":53,"column":2},"end":{"line":65,"column":3}},"18":{"start":{"line":54,"column":17},"end":{"line":56,"column":6}},"19":{"start":{"line":58,"column":4},"end":{"line":60,"column":5}},"20":{"start":{"line":59,"column":6},"end":{"line":59,"column":52}},"21":{"start":{"line":62,"column":4},"end":{"line":62,"column":31}},"22":{"start":{"line":64,"column":4},"end":{"line":64,"column":16}},"23":{"start":{"line":46,"column":13},"end":{"line":46,"column":27}},"24":{"start":{"line":68,"column":26},"end":{"line":96,"column":1}},"25":{"start":{"line":73,"column":13},"end":{"line":73,"column":36}},"26":{"start":{"line":75,"column":2},"end":{"line":95,"column":3}},"27":{"start":{"line":76,"column":17},"end":{"line":78,"column":6}},"28":{"start":{"line":80,"column":4},"end":{"line":82,"column":5}},"29":{"start":{"line":81,"column":6},"end":{"line":81,"column":52}},"30":{"start":{"line":84,"column":24},"end":{"line":90,"column":6}},"31":{"start":{"line":92,"column":4},"end":{"line":92,"column":38}},"32":{"start":{"line":94,"column":4},"end":{"line":94,"column":16}},"33":{"start":{"line":68,"column":13},"end":{"line":68,"column":26}},"34":{"start":{"line":98,"column":26},"end":{"line":122,"column":1}},"35":{"start":{"line":103,"column":13},"end":{"line":103,"column":36}},"36":{"start":{"line":105,"column":2},"end":{"line":121,"column":3}},"37":{"start":{"line":106,"column":17},"end":{"line":108,"column":6}},"38":{"start":{"line":110,"column":4},"end":{"line":112,"column":5}},"39":{"start":{"line":111,"column":6},"end":{"line":111,"column":55}},"40":{"start":{"line":114,"column":4},"end":{"line":116,"column":7}},"41":{"start":{"line":118,"column":4},"end":{"line":118,"column":70}},"42":{"start":{"line":120,"column":4},"end":{"line":120,"column":16}},"43":{"start":{"line":98,"column":13},"end":{"line":98,"column":26}}},"fnMap":{"0":{"name":"(anonymous_1)","decl":{"start":{"line":14,"column":26},"end":{"line":14,"column":31}},"loc":{"start":{"line":18,"column":4},"end":{"line":27,"column":1}}},"1":{"name":"(anonymous_2)","decl":{"start":{"line":29,"column":27},"end":{"line":29,"column":32}},"loc":{"start":{"line":33,"column":4},"end":{"line":44,"column":1}}},"2":{"name":"(anonymous_3)","decl":{"start":{"line":46,"column":27},"end":{"line":46,"column":32}},"loc":{"start":{"line":50,"column":4},"end":{"line":66,"column":1}}},"3":{"name":"(anonymous_4)","decl":{"start":{"line":68,"column":26},"end":{"line":68,"column":31}},"loc":{"start":{"line":72,"column":4},"end":{"line":96,"column":1}}},"4":{"name":"(anonymous_5)","decl":{"start":{"line":98,"column":26},"end":{"line":98,"column":31}},"loc":{"start":{"line":102,"column":4},"end":{"line":122,"column":1}}}},"branchMap":{"0":{"loc":{"start":{"line":58,"column":4},"end":{"line":60,"column":5}},"type":"if","locations":[{"start":{"line":58,"column":4},"end":{"line":60,"column":5}},{"start":{},"end":{}}]},"1":{"loc":{"start":{"line":80,"column":4},"end":{"line":82,"column":5}},"type":"if","locations":[{"start":{"line":80,"column":4},"end":{"line":82,"column":5}},{"start":{},"end":{}}]},"2":{"loc":{"start":{"line":110,"column":4},"end":{"line":112,"column":5}},"type":"if","locations":[{"start":{"line":110,"column":4},"end":{"line":112,"column":5}},{"start":{},"end":{}}]}},"s":{"0":0,"1":0,"2":0,"3":0,"4":0,"5":0,"6":0,"7":0,"8":0,"9":0,"10":0,"11":0,"12":0,"13":0,"14":0,"15":0,"16":0,"17":0,"18":0,"19":0,"20":0,"21":0,"22":0,"23":0,"24":0,"25":0,"26":0,"27":0,"28":0,"29":0,"30":0,"31":0,"32":0,"33":0,"34":0,"35":0,"36":0,"37":0,"38":0,"39":0,"40":0,"41":0,"42":0,"43":0},"f":{"0":0,"1":0,"2":0,"3":0,"4":0},"b":{"0":[0,0],"1":[0,0],"2":[0,0]}}
}
