TN:
SF:controllers/auth.controller.ts
FN:18,(anonymous_1)
FN:24,(anonymous_2)
FN:171,(anonymous_3)
FN:238,(anonymous_4)
FNF:4
FNH:4
FNDA:4,(anonymous_1)
FNDA:4,(anonymous_2)
FNDA:5,(anonymous_3)
FNDA:3,(anonymous_4)
DA:2,1
DA:3,1
DA:4,1
DA:5,1
DA:7,1
DA:8,1
DA:9,1
DA:11,1
DA:13,1
DA:15,1
DA:18,1
DA:20,4
DA:21,4
DA:24,1
DA:29,4
DA:30,4
DA:31,4
DA:42,3
DA:46,3
DA:48,3
DA:54,3
DA:59,3
DA:62,3
DA:63,0
DA:65,0
DA:68,0
DA:76,0
DA:77,0
DA:80,0
DA:81,0
DA:84,0
DA:85,0
DA:86,0
DA:87,0
DA:88,0
DA:89,0
DA:92,0
DA:93,0
DA:95,0
DA:103,3
DA:104,3
DA:106,2
DA:108,2
DA:122,1
DA:123,1
DA:125,1
DA:126,1
DA:128,1
DA:138,1
DA:140,1
DA:144,1
DA:167,3
DA:171,1
DA:176,5
DA:177,5
DA:178,5
DA:180,4
DA:182,4
DA:184,3
DA:186,2
DA:187,1
DA:190,1
DA:191,1
DA:193,1
DA:194,1
DA:196,1
DA:206,1
DA:207,1
DA:211,1
DA:234,4
DA:238,1
DA:243,3
DA:244,3
DA:245,3
DA:247,2
DA:249,1
DA:251,2
LF:77
LH:61
BRDA:13,0,0,1
BRDA:13,0,1,1
BRDA:15,1,0,1
BRDA:15,1,1,0
BRDA:15,2,0,1
BRDA:15,2,1,1
BRDA:20,3,0,2
BRDA:20,3,1,2
BRDA:31,4,0,1
BRDA:31,4,1,3
BRDA:48,5,0,3
BRDA:48,5,1,3
BRDA:48,5,2,3
BRDA:48,5,3,3
BRDA:48,5,4,3
BRDA:48,5,5,3
BRDA:62,6,0,0
BRDA:62,6,1,3
BRDA:62,7,0,3
BRDA:62,7,1,0
BRDA:62,7,2,0
BRDA:76,8,0,0
BRDA:76,8,1,0
BRDA:76,8,2,0
BRDA:77,9,0,0
BRDA:77,9,1,0
BRDA:104,10,0,1
BRDA:104,10,1,2
BRDA:114,11,0,2
BRDA:114,11,1,2
BRDA:114,11,2,2
BRDA:117,12,0,2
BRDA:117,12,1,1
BRDA:118,13,0,2
BRDA:118,13,1,1
BRDA:138,14,0,1
BRDA:138,14,1,0
BRDA:140,15,0,0
BRDA:140,15,1,1
BRDA:153,16,0,0
BRDA:153,16,1,1
BRDA:178,17,0,1
BRDA:178,17,1,4
BRDA:184,18,0,1
BRDA:184,18,1,2
BRDA:186,19,0,1
BRDA:186,19,1,1
BRDA:206,20,0,1
BRDA:206,20,1,0
BRDA:207,21,0,0
BRDA:207,21,1,1
BRDA:245,22,0,1
BRDA:245,22,1,2
BRF:53
BRH:39
end_of_record
TN:
SF:controllers/blockedContacts.controller.ts
FN:14,(anonymous_1)
FN:35,(anonymous_2)
FN:57,(anonymous_3)
FN:80,(anonymous_4)
FN:106,(anonymous_5)
FNF:5
FNH:5
FNDA:2,(anonymous_1)
FNDA:2,(anonymous_2)
FNDA:2,(anonymous_3)
FNDA:3,(anonymous_4)
FNDA:2,(anonymous_5)
DA:2,1
DA:3,1
DA:6,1
DA:14,1
DA:19,2
DA:21,2
DA:22,2
DA:29,1
DA:31,1
DA:35,1
DA:40,2
DA:42,2
DA:43,2
DA:51,1
DA:53,1
DA:57,1
DA:62,2
DA:64,2
DA:65,2
DA:69,2
DA:70,1
DA:73,1
DA:75,1
DA:80,1
DA:85,3
DA:87,3
DA:88,3
DA:92,3
DA:93,1
DA:96,2
DA:100,1
DA:102,2
DA:106,1
DA:111,2
DA:113,2
DA:114,2
DA:118,1
DA:120,1
LF:38
LH:38
BRDA:69,0,0,1
BRDA:69,0,1,1
BRDA:92,1,0,1
BRDA:92,1,1,2
BRF:4
BRH:4
end_of_record
TN:
SF:controllers/contactRequests.controller.ts
FN:14,(anonymous_1)
FN:35,(anonymous_2)
FN:57,(anonymous_3)
FN:79,(anonymous_4)
FN:110,(anonymous_5)
FN:136,(anonymous_6)
FNF:6
FNH:6
FNDA:2,(anonymous_1)
FNDA:2,(anonymous_2)
FNDA:2,(anonymous_3)
FNDA:3,(anonymous_4)
FNDA:3,(anonymous_5)
FNDA:2,(anonymous_6)
DA:2,1
DA:3,1
DA:6,1
DA:14,1
DA:19,2
DA:21,2
DA:22,2
DA:29,1
DA:31,1
DA:35,1
DA:40,2
DA:42,2
DA:43,2
DA:51,1
DA:53,1
DA:57,1
DA:62,2
DA:64,2
DA:65,2
DA:69,2
DA:70,1
DA:73,1
DA:75,1
DA:79,1
DA:88,3
DA:90,3
DA:91,3
DA:95,3
DA:96,1
DA:99,2
DA:104,1
DA:106,2
DA:110,1
DA:115,3
DA:117,3
DA:118,3
DA:122,3
DA:123,1
DA:126,2
DA:130,1
DA:132,2
DA:136,1
DA:141,2
DA:143,2
DA:144,2
DA:148,1
DA:150,1
LF:47
LH:47
BRDA:69,0,0,1
BRDA:69,0,1,1
BRDA:95,1,0,1
BRDA:95,1,1,2
BRDA:122,2,0,1
BRDA:122,2,1,2
BRF:6
BRH:6
end_of_record
TN:
SF:controllers/menuItem.controller.ts
FN:6,(anonymous_0)
FNF:1
FNH:1
FNDA:3,(anonymous_0)
DA:2,1
DA:4,1
DA:6,1
DA:11,3
DA:12,3
DA:15,2
DA:17,1
LF:7
LH:7
BRF:0
BRH:0
end_of_record
TN:
SF:controllers/notification.controller.ts
FN:14,(anonymous_1)
FN:29,(anonymous_2)
FN:46,(anonymous_3)
FN:67,(anonymous_4)
FN:89,(anonymous_5)
FN:119,(anonymous_6)
FNF:6
FNH:6
FNDA:2,(anonymous_1)
FNDA:2,(anonymous_2)
FNDA:3,(anonymous_3)
FNDA:3,(anonymous_4)
FNDA:3,(anonymous_5)
FNDA:3,(anonymous_6)
DA:2,1
DA:3,1
DA:6,1
DA:14,1
DA:19,2
DA:20,2
DA:23,1
DA:25,1
DA:29,1
DA:34,2
DA:35,2
DA:40,1
DA:42,1
DA:46,1
DA:51,3
DA:52,3
DA:61,2
DA:63,1
DA:67,1
DA:72,3
DA:74,3
DA:75,3
DA:79,2
DA:80,1
DA:83,1
DA:85,2
DA:89,1
DA:94,3
DA:96,3
DA:97,3
DA:101,3
DA:102,1
DA:105,2
DA:113,1
DA:115,2
DA:119,1
DA:124,3
DA:126,3
DA:127,3
DA:131,3
DA:132,1
DA:135,2
DA:139,1
DA:141,2
LF:44
LH:44
BRDA:58,0,0,2
BRDA:58,0,1,1
BRDA:79,1,0,1
BRDA:79,1,1,1
BRDA:101,2,0,1
BRDA:101,2,1,2
BRDA:131,3,0,1
BRDA:131,3,1,2
BRF:8
BRH:8
end_of_record
TN:
SF:controllers/userContacts.controller.ts
FN:14,(anonymous_1)
FN:35,(anonymous_2)
FN:57,(anonymous_3)
FN:79,(anonymous_4)
FN:109,(anonymous_5)
FN:137,(anonymous_6)
FNF:6
FNH:6
FNDA:2,(anonymous_1)
FNDA:2,(anonymous_2)
FNDA:2,(anonymous_3)
FNDA:3,(anonymous_4)
FNDA:3,(anonymous_5)
FNDA:2,(anonymous_6)
DA:2,1
DA:3,1
DA:6,1
DA:14,1
DA:19,2
DA:21,2
DA:22,2
DA:29,1
DA:31,1
DA:35,1
DA:40,2
DA:42,2
DA:43,2
DA:51,1
DA:53,1
DA:57,1
DA:62,2
DA:64,2
DA:65,2
DA:69,2
DA:70,1
DA:73,1
DA:75,1
DA:79,1
DA:84,3
DA:86,3
DA:87,3
DA:91,3
DA:92,1
DA:95,2
DA:103,1
DA:105,2
DA:109,1
DA:114,3
DA:116,3
DA:117,3
DA:121,3
DA:122,1
DA:125,2
DA:129,1
DA:133,2
DA:137,1
DA:142,2
DA:144,2
DA:145,2
DA:149,1
DA:153,1
LF:47
LH:47
BRDA:69,0,0,1
BRDA:69,0,1,1
BRDA:91,1,0,1
BRDA:91,1,1,2
BRDA:121,2,0,1
BRDA:121,2,1,2
BRF:6
BRH:6
end_of_record
TN:
SF:controllers/categories/category.meta.controller.ts
FN:6,getCategoryChapters
FN:25,getCategoryChapterById
FN:44,getCategoryTypes
FN:63,getCategoryTypeById
FN:83,getCategories
FN:115,(anonymous_5)
FN:132,getCategoryById
FN:167,createCategory
FN:194,updateCategory
FN:221,deleteCategory
FNF:10
FNH:10
FNDA:3,getCategoryChapters
FNDA:3,getCategoryChapterById
FNDA:3,getCategoryTypes
FNDA:3,getCategoryTypeById
FNDA:2,getCategories
FNDA:1,(anonymous_5)
FNDA:3,getCategoryById
FNDA:2,createCategory
FNDA:2,updateCategory
FNDA:2,deleteCategory
DA:2,1
DA:4,1
DA:6,1
DA:11,3
DA:12,3
DA:19,2
DA:21,1
DA:25,1
DA:30,3
DA:31,3
DA:38,2
DA:40,1
DA:44,1
DA:49,3
DA:50,3
DA:57,2
DA:59,1
DA:63,1
DA:68,3
DA:69,3
DA:76,2
DA:78,1
DA:83,1
DA:89,2
DA:90,2
DA:115,1
DA:125,1
DA:127,1
DA:132,1
DA:137,3
DA:138,3
DA:157,2
DA:158,1
DA:161,1
DA:163,1
DA:167,1
DA:172,2
DA:173,2
DA:175,2
DA:188,1
DA:190,1
DA:194,1
DA:199,2
DA:200,2
DA:201,2
DA:203,2
DA:215,1
DA:217,1
DA:221,1
DA:226,2
DA:227,2
DA:229,2
DA:233,1
DA:235,1
LF:54
LH:54
BRDA:19,0,0,2
BRDA:19,0,1,1
BRDA:38,1,0,2
BRDA:38,1,1,1
BRDA:57,2,0,2
BRDA:57,2,1,1
BRDA:76,3,0,2
BRDA:76,3,1,1
BRDA:157,4,0,1
BRDA:157,4,1,1
BRF:10
BRH:10
end_of_record
TN:
SF:controllers/categories/mood.controller.ts
FN:14,(anonymous_1)
FN:29,(anonymous_2)
FN:46,(anonymous_3)
FN:68,(anonymous_4)
FN:98,(anonymous_5)
FNF:5
FNH:5
FNDA:2,(anonymous_1)
FNDA:2,(anonymous_2)
FNDA:3,(anonymous_3)
FNDA:3,(anonymous_4)
FNDA:3,(anonymous_5)
DA:2,1
DA:3,1
DA:6,1
DA:14,1
DA:19,2
DA:20,2
DA:23,1
DA:25,1
DA:29,1
DA:34,2
DA:35,2
DA:40,1
DA:42,1
DA:46,1
DA:51,3
DA:53,3
DA:54,3
DA:58,2
DA:59,1
DA:62,1
DA:64,2
DA:68,1
DA:73,3
DA:75,3
DA:76,3
DA:80,3
DA:81,1
DA:84,2
DA:92,1
DA:94,2
DA:98,1
DA:103,3
DA:105,3
DA:106,3
DA:110,3
DA:111,1
DA:114,2
DA:118,1
DA:120,2
LF:39
LH:39
BRDA:58,0,0,1
BRDA:58,0,1,1
BRDA:80,1,0,1
BRDA:80,1,1,2
BRDA:110,2,0,1
BRDA:110,2,1,2
BRF:6
BRH:6
end_of_record
