TN:
SF:controllers/auth.controller.ts
FN:18,(anonymous_1)
FN:24,(anonymous_2)
FN:171,(anonymous_3)
FN:238,(anonymous_4)
FNF:4
FNH:0
FNDA:0,(anonymous_1)
FNDA:0,(anonymous_2)
FNDA:0,(anonymous_3)
FNDA:0,(anonymous_4)
DA:2,0
DA:3,0
DA:4,0
DA:5,0
DA:7,0
DA:8,0
DA:9,0
DA:11,0
DA:13,0
DA:15,0
DA:18,0
DA:20,0
DA:21,0
DA:24,0
DA:29,0
DA:30,0
DA:31,0
DA:42,0
DA:46,0
DA:48,0
DA:54,0
DA:59,0
DA:62,0
DA:63,0
DA:65,0
DA:68,0
DA:76,0
DA:77,0
DA:80,0
DA:81,0
DA:84,0
DA:85,0
DA:86,0
DA:87,0
DA:88,0
DA:89,0
DA:92,0
DA:93,0
DA:95,0
DA:103,0
DA:104,0
DA:106,0
DA:108,0
DA:122,0
DA:123,0
DA:125,0
DA:126,0
DA:128,0
DA:138,0
DA:140,0
DA:144,0
DA:167,0
DA:171,0
DA:176,0
DA:177,0
DA:178,0
DA:180,0
DA:182,0
DA:184,0
DA:186,0
DA:187,0
DA:190,0
DA:191,0
DA:193,0
DA:194,0
DA:196,0
DA:206,0
DA:207,0
DA:211,0
DA:234,0
DA:238,0
DA:243,0
DA:244,0
DA:245,0
DA:247,0
DA:249,0
DA:251,0
LF:77
LH:0
BRDA:13,0,0,0
BRDA:13,0,1,0
BRDA:15,1,0,0
BRDA:15,1,1,0
BRDA:15,2,0,0
BRDA:15,2,1,0
BRDA:20,3,0,0
BRDA:20,3,1,0
BRDA:31,4,0,0
BRDA:31,4,1,0
BRDA:48,5,0,0
BRDA:48,5,1,0
BRDA:48,5,2,0
BRDA:48,5,3,0
BRDA:48,5,4,0
BRDA:48,5,5,0
BRDA:62,6,0,0
BRDA:62,6,1,0
BRDA:62,7,0,0
BRDA:62,7,1,0
BRDA:62,7,2,0
BRDA:76,8,0,0
BRDA:76,8,1,0
BRDA:76,8,2,0
BRDA:77,9,0,0
BRDA:77,9,1,0
BRDA:104,10,0,0
BRDA:104,10,1,0
BRDA:114,11,0,0
BRDA:114,11,1,0
BRDA:114,11,2,0
BRDA:117,12,0,0
BRDA:117,12,1,0
BRDA:118,13,0,0
BRDA:118,13,1,0
BRDA:138,14,0,0
BRDA:138,14,1,0
BRDA:140,15,0,0
BRDA:140,15,1,0
BRDA:153,16,0,0
BRDA:153,16,1,0
BRDA:178,17,0,0
BRDA:178,17,1,0
BRDA:184,18,0,0
BRDA:184,18,1,0
BRDA:186,19,0,0
BRDA:186,19,1,0
BRDA:206,20,0,0
BRDA:206,20,1,0
BRDA:207,21,0,0
BRDA:207,21,1,0
BRDA:245,22,0,0
BRDA:245,22,1,0
BRF:53
BRH:0
end_of_record
TN:
SF:controllers/badge.controller.ts
FN:7,(anonymous_1)
FN:23,(anonymous_2)
FN:39,(anonymous_3)
FN:61,(anonymous_4)
FN:91,(anonymous_5)
FNF:5
FNH:0
FNDA:0,(anonymous_1)
FNDA:0,(anonymous_2)
FNDA:0,(anonymous_3)
FNDA:0,(anonymous_4)
FNDA:0,(anonymous_5)
DA:2,0
DA:3,0
DA:5,0
DA:7,0
DA:12,0
DA:13,0
DA:17,0
DA:19,0
DA:23,0
DA:28,0
DA:29,0
DA:33,0
DA:35,0
DA:39,0
DA:44,0
DA:45,0
DA:47,0
DA:51,0
DA:52,0
DA:55,0
DA:57,0
DA:61,0
DA:66,0
DA:68,0
DA:69,0
DA:73,0
DA:74,0
DA:77,0
DA:85,0
DA:87,0
DA:91,0
DA:96,0
DA:97,0
DA:99,0
DA:103,0
DA:104,0
DA:107,0
DA:111,0
DA:113,0
LF:39
LH:0
BRDA:51,0,0,0
BRDA:51,0,1,0
BRDA:73,1,0,0
BRDA:73,1,1,0
BRDA:103,2,0,0
BRDA:103,2,1,0
BRF:6
BRH:0
end_of_record
TN:
SF:controllers/blockedContacts.controller.ts
FN:14,(anonymous_1)
FN:35,(anonymous_2)
FN:57,(anonymous_3)
FN:80,(anonymous_4)
FN:106,(anonymous_5)
FNF:5
FNH:5
FNDA:2,(anonymous_1)
FNDA:2,(anonymous_2)
FNDA:2,(anonymous_3)
FNDA:3,(anonymous_4)
FNDA:2,(anonymous_5)
DA:2,1
DA:3,1
DA:6,1
DA:14,1
DA:19,2
DA:21,2
DA:22,2
DA:29,1
DA:31,1
DA:35,1
DA:40,2
DA:42,2
DA:43,2
DA:51,1
DA:53,1
DA:57,1
DA:62,2
DA:64,2
DA:65,2
DA:69,2
DA:70,1
DA:73,1
DA:75,1
DA:80,1
DA:85,3
DA:87,3
DA:88,3
DA:92,3
DA:93,1
DA:96,2
DA:100,1
DA:102,2
DA:106,1
DA:111,2
DA:113,2
DA:114,2
DA:118,1
DA:120,1
LF:38
LH:38
BRDA:69,0,0,1
BRDA:69,0,1,1
BRDA:92,1,0,1
BRDA:92,1,1,2
BRF:4
BRH:4
end_of_record
TN:
SF:controllers/category.meta.controller.ts
FN:6,getCategoryChapters
FN:25,getCategoryChapterById
FN:44,getCategoryTypes
FN:63,getCategoryTypeById
FN:83,getCategories
FN:115,(anonymous_5)
FN:131,getCategoryById
FN:166,createCategory
FN:193,updateCategory
FN:220,deleteCategory
FNF:10
FNH:0
FNDA:0,getCategoryChapters
FNDA:0,getCategoryChapterById
FNDA:0,getCategoryTypes
FNDA:0,getCategoryTypeById
FNDA:0,getCategories
FNDA:0,(anonymous_5)
FNDA:0,getCategoryById
FNDA:0,createCategory
FNDA:0,updateCategory
FNDA:0,deleteCategory
DA:2,0
DA:4,0
DA:6,0
DA:11,0
DA:12,0
DA:19,0
DA:21,0
DA:25,0
DA:30,0
DA:31,0
DA:38,0
DA:40,0
DA:44,0
DA:49,0
DA:50,0
DA:57,0
DA:59,0
DA:63,0
DA:68,0
DA:69,0
DA:76,0
DA:78,0
DA:83,0
DA:89,0
DA:90,0
DA:115,0
DA:125,0
DA:127,0
DA:131,0
DA:136,0
DA:137,0
DA:156,0
DA:157,0
DA:160,0
DA:162,0
DA:166,0
DA:171,0
DA:172,0
DA:174,0
DA:187,0
DA:189,0
DA:193,0
DA:198,0
DA:199,0
DA:200,0
DA:202,0
DA:214,0
DA:216,0
DA:220,0
DA:225,0
DA:226,0
DA:228,0
DA:232,0
DA:234,0
LF:54
LH:0
BRDA:19,0,0,0
BRDA:19,0,1,0
BRDA:38,1,0,0
BRDA:38,1,1,0
BRDA:57,2,0,0
BRDA:57,2,1,0
BRDA:76,3,0,0
BRDA:76,3,1,0
BRDA:156,4,0,0
BRDA:156,4,1,0
BRF:10
BRH:0
end_of_record
TN:
SF:controllers/cognitiveExercise.controller.ts
FN:15,(anonymous_1)
FN:30,(anonymous_2)
FN:48,(anonymous_3)
FN:70,(anonymous_4)
FN:100,(anonymous_5)
FNF:5
FNH:0
FNDA:0,(anonymous_1)
FNDA:0,(anonymous_2)
FNDA:0,(anonymous_3)
FNDA:0,(anonymous_4)
FNDA:0,(anonymous_5)
DA:2,0
DA:3,0
DA:6,0
DA:15,0
DA:20,0
DA:21,0
DA:24,0
DA:26,0
DA:30,0
DA:35,0
DA:36,0
DA:42,0
DA:44,0
DA:48,0
DA:53,0
DA:55,0
DA:56,0
DA:60,0
DA:61,0
DA:64,0
DA:66,0
DA:70,0
DA:75,0
DA:77,0
DA:78,0
DA:82,0
DA:83,0
DA:86,0
DA:94,0
DA:96,0
DA:100,0
DA:105,0
DA:107,0
DA:108,0
DA:112,0
DA:113,0
DA:116,0
DA:120,0
DA:122,0
LF:39
LH:0
BRDA:60,0,0,0
BRDA:60,0,1,0
BRDA:82,1,0,0
BRDA:82,1,1,0
BRDA:112,2,0,0
BRDA:112,2,1,0
BRF:6
BRH:0
end_of_record
TN:
SF:controllers/collaborativeProject.controller.ts
FN:15,(anonymous_1)
FN:30,(anonymous_2)
FN:48,(anonymous_3)
FN:70,(anonymous_4)
FN:100,(anonymous_5)
FNF:5
FNH:0
FNDA:0,(anonymous_1)
FNDA:0,(anonymous_2)
FNDA:0,(anonymous_3)
FNDA:0,(anonymous_4)
FNDA:0,(anonymous_5)
DA:2,0
DA:3,0
DA:6,0
DA:15,0
DA:20,0
DA:21,0
DA:24,0
DA:26,0
DA:30,0
DA:35,0
DA:36,0
DA:42,0
DA:44,0
DA:48,0
DA:53,0
DA:55,0
DA:56,0
DA:60,0
DA:61,0
DA:64,0
DA:66,0
DA:70,0
DA:75,0
DA:77,0
DA:78,0
DA:82,0
DA:83,0
DA:86,0
DA:94,0
DA:96,0
DA:100,0
DA:105,0
DA:107,0
DA:108,0
DA:112,0
DA:113,0
DA:116,0
DA:120,0
DA:124,0
LF:39
LH:0
BRDA:60,0,0,0
BRDA:60,0,1,0
BRDA:82,1,0,0
BRDA:82,1,1,0
BRDA:112,2,0,0
BRDA:112,2,1,0
BRF:6
BRH:0
end_of_record
TN:
SF:controllers/contactRequests.controller.ts
FN:14,(anonymous_1)
FN:35,(anonymous_2)
FN:57,(anonymous_3)
FN:79,(anonymous_4)
FN:110,(anonymous_5)
FN:136,(anonymous_6)
FNF:6
FNH:6
FNDA:2,(anonymous_1)
FNDA:2,(anonymous_2)
FNDA:2,(anonymous_3)
FNDA:3,(anonymous_4)
FNDA:3,(anonymous_5)
FNDA:2,(anonymous_6)
DA:2,1
DA:3,1
DA:6,1
DA:14,1
DA:19,2
DA:21,2
DA:22,2
DA:29,1
DA:31,1
DA:35,1
DA:40,2
DA:42,2
DA:43,2
DA:51,1
DA:53,1
DA:57,1
DA:62,2
DA:64,2
DA:65,2
DA:69,2
DA:70,1
DA:73,1
DA:75,1
DA:79,1
DA:88,3
DA:90,3
DA:91,3
DA:95,3
DA:96,1
DA:99,2
DA:104,1
DA:106,2
DA:110,1
DA:115,3
DA:117,3
DA:118,3
DA:122,3
DA:123,1
DA:126,2
DA:130,1
DA:132,2
DA:136,1
DA:141,2
DA:143,2
DA:144,2
DA:148,1
DA:150,1
LF:47
LH:47
BRDA:69,0,0,1
BRDA:69,0,1,1
BRDA:95,1,0,1
BRDA:95,1,1,2
BRDA:122,2,0,1
BRDA:122,2,1,2
BRF:6
BRH:6
end_of_record
TN:
SF:controllers/conversation.controller.ts
FN:15,(anonymous_1)
FN:30,(anonymous_2)
FN:48,(anonymous_3)
FN:70,(anonymous_4)
FN:100,(anonymous_5)
FNF:5
FNH:0
FNDA:0,(anonymous_1)
FNDA:0,(anonymous_2)
FNDA:0,(anonymous_3)
FNDA:0,(anonymous_4)
FNDA:0,(anonymous_5)
DA:2,0
DA:3,0
DA:6,0
DA:15,0
DA:20,0
DA:21,0
DA:24,0
DA:26,0
DA:30,0
DA:35,0
DA:36,0
DA:42,0
DA:44,0
DA:48,0
DA:53,0
DA:55,0
DA:56,0
DA:60,0
DA:61,0
DA:64,0
DA:66,0
DA:70,0
DA:75,0
DA:77,0
DA:78,0
DA:82,0
DA:83,0
DA:86,0
DA:94,0
DA:96,0
DA:100,0
DA:105,0
DA:107,0
DA:108,0
DA:112,0
DA:113,0
DA:116,0
DA:120,0
DA:122,0
LF:39
LH:0
BRDA:60,0,0,0
BRDA:60,0,1,0
BRDA:82,1,0,0
BRDA:82,1,1,0
BRDA:112,2,0,0
BRDA:112,2,1,0
BRF:6
BRH:0
end_of_record
TN:
SF:controllers/conversationParticipant.controller.ts
FN:15,(anonymous_1)
FN:31,(anonymous_2)
FN:50,(anonymous_3)
FN:73,(anonymous_4)
FN:105,(anonymous_5)
FNF:5
FNH:0
FNDA:0,(anonymous_1)
FNDA:0,(anonymous_2)
FNDA:0,(anonymous_3)
FNDA:0,(anonymous_4)
FNDA:0,(anonymous_5)
DA:2,0
DA:3,0
DA:6,0
DA:15,0
DA:20,0
DA:22,0
DA:25,0
DA:27,0
DA:31,0
DA:36,0
DA:38,0
DA:44,0
DA:46,0
DA:50,0
DA:55,0
DA:57,0
DA:59,0
DA:63,0
DA:64,0
DA:67,0
DA:69,0
DA:73,0
DA:78,0
DA:80,0
DA:82,0
DA:86,0
DA:87,0
DA:91,0
DA:99,0
DA:101,0
DA:105,0
DA:110,0
DA:112,0
DA:114,0
DA:118,0
DA:119,0
DA:122,0
DA:126,0
DA:128,0
LF:39
LH:0
BRDA:63,0,0,0
BRDA:63,0,1,0
BRDA:86,1,0,0
BRDA:86,1,1,0
BRDA:118,2,0,0
BRDA:118,2,1,0
BRF:6
BRH:0
end_of_record
TN:
SF:controllers/forumMessage.controller.ts
FN:15,(anonymous_1)
FN:30,(anonymous_2)
FN:48,(anonymous_3)
FN:70,(anonymous_4)
FN:100,(anonymous_5)
FNF:5
FNH:0
FNDA:0,(anonymous_1)
FNDA:0,(anonymous_2)
FNDA:0,(anonymous_3)
FNDA:0,(anonymous_4)
FNDA:0,(anonymous_5)
DA:2,0
DA:3,0
DA:6,0
DA:15,0
DA:20,0
DA:21,0
DA:24,0
DA:26,0
DA:30,0
DA:35,0
DA:36,0
DA:42,0
DA:44,0
DA:48,0
DA:53,0
DA:55,0
DA:56,0
DA:60,0
DA:61,0
DA:64,0
DA:66,0
DA:70,0
DA:75,0
DA:77,0
DA:78,0
DA:82,0
DA:83,0
DA:86,0
DA:94,0
DA:96,0
DA:100,0
DA:105,0
DA:107,0
DA:108,0
DA:112,0
DA:113,0
DA:116,0
DA:120,0
DA:122,0
LF:39
LH:0
BRDA:60,0,0,0
BRDA:60,0,1,0
BRDA:82,1,0,0
BRDA:82,1,1,0
BRDA:112,2,0,0
BRDA:112,2,1,0
BRF:6
BRH:0
end_of_record
TN:
SF:controllers/healthIndicator.controller.ts
FN:15,(anonymous_1)
FN:30,(anonymous_2)
FN:48,(anonymous_3)
FN:70,(anonymous_4)
FN:100,(anonymous_5)
FNF:5
FNH:0
FNDA:0,(anonymous_1)
FNDA:0,(anonymous_2)
FNDA:0,(anonymous_3)
FNDA:0,(anonymous_4)
FNDA:0,(anonymous_5)
DA:2,0
DA:3,0
DA:6,0
DA:15,0
DA:20,0
DA:21,0
DA:24,0
DA:26,0
DA:30,0
DA:35,0
DA:36,0
DA:42,0
DA:44,0
DA:48,0
DA:53,0
DA:55,0
DA:56,0
DA:60,0
DA:61,0
DA:64,0
DA:66,0
DA:70,0
DA:75,0
DA:77,0
DA:78,0
DA:82,0
DA:83,0
DA:86,0
DA:94,0
DA:96,0
DA:100,0
DA:105,0
DA:107,0
DA:108,0
DA:112,0
DA:113,0
DA:116,0
DA:120,0
DA:122,0
LF:39
LH:0
BRDA:60,0,0,0
BRDA:60,0,1,0
BRDA:82,1,0,0
BRDA:82,1,1,0
BRDA:112,2,0,0
BRDA:112,2,1,0
BRF:6
BRH:0
end_of_record
TN:
SF:controllers/helpOffer.controller.ts
FN:15,(anonymous_1)
FN:30,(anonymous_2)
FN:48,(anonymous_3)
FN:70,(anonymous_4)
FN:100,(anonymous_5)
FNF:5
FNH:0
FNDA:0,(anonymous_1)
FNDA:0,(anonymous_2)
FNDA:0,(anonymous_3)
FNDA:0,(anonymous_4)
FNDA:0,(anonymous_5)
DA:2,0
DA:3,0
DA:6,0
DA:15,0
DA:20,0
DA:21,0
DA:24,0
DA:26,0
DA:30,0
DA:35,0
DA:36,0
DA:42,0
DA:44,0
DA:48,0
DA:53,0
DA:55,0
DA:56,0
DA:60,0
DA:61,0
DA:64,0
DA:66,0
DA:70,0
DA:75,0
DA:77,0
DA:78,0
DA:82,0
DA:83,0
DA:86,0
DA:94,0
DA:96,0
DA:100,0
DA:105,0
DA:107,0
DA:108,0
DA:112,0
DA:113,0
DA:116,0
DA:120,0
DA:122,0
LF:39
LH:0
BRDA:60,0,0,0
BRDA:60,0,1,0
BRDA:82,1,0,0
BRDA:82,1,1,0
BRDA:112,2,0,0
BRDA:112,2,1,0
BRF:6
BRH:0
end_of_record
TN:
SF:controllers/helpRequest.controller.ts
FN:15,(anonymous_1)
FN:30,(anonymous_2)
FN:48,(anonymous_3)
FN:70,(anonymous_4)
FN:100,(anonymous_5)
FNF:5
FNH:0
FNDA:0,(anonymous_1)
FNDA:0,(anonymous_2)
FNDA:0,(anonymous_3)
FNDA:0,(anonymous_4)
FNDA:0,(anonymous_5)
DA:2,0
DA:3,0
DA:6,0
DA:15,0
DA:20,0
DA:21,0
DA:24,0
DA:26,0
DA:30,0
DA:35,0
DA:36,0
DA:42,0
DA:44,0
DA:48,0
DA:53,0
DA:55,0
DA:56,0
DA:60,0
DA:61,0
DA:64,0
DA:66,0
DA:70,0
DA:75,0
DA:77,0
DA:78,0
DA:82,0
DA:83,0
DA:86,0
DA:94,0
DA:96,0
DA:100,0
DA:105,0
DA:107,0
DA:108,0
DA:112,0
DA:113,0
DA:116,0
DA:120,0
DA:122,0
LF:39
LH:0
BRDA:60,0,0,0
BRDA:60,0,1,0
BRDA:82,1,0,0
BRDA:82,1,1,0
BRDA:112,2,0,0
BRDA:112,2,1,0
BRF:6
BRH:0
end_of_record
TN:
SF:controllers/index.ts
FNF:0
FNH:0
DA:2,0
DA:8,0
DA:9,0
DA:10,0
DA:11,0
DA:12,0
DA:13,0
DA:14,0
DA:15,0
DA:16,0
DA:17,0
DA:18,0
DA:19,0
DA:20,0
DA:21,0
DA:22,0
DA:23,0
DA:24,0
DA:25,0
DA:26,0
DA:27,0
DA:28,0
DA:29,0
DA:30,0
DA:31,0
DA:32,0
DA:33,0
DA:34,0
DA:35,0
DA:36,0
DA:37,0
DA:38,0
DA:39,0
DA:40,0
DA:41,0
DA:42,0
DA:43,0
DA:44,0
DA:45,0
DA:46,0
DA:47,0
DA:48,0
DA:49,0
DA:50,0
DA:51,0
DA:52,0
DA:53,0
DA:54,0
LF:48
LH:0
BRF:0
BRH:0
end_of_record
TN:
SF:controllers/menuItem.controller.ts
FN:6,(anonymous_0)
FNF:1
FNH:0
FNDA:0,(anonymous_0)
DA:2,0
DA:4,0
DA:6,0
DA:11,0
DA:12,0
DA:15,0
DA:17,0
LF:7
LH:0
BRF:0
BRH:0
end_of_record
TN:
SF:controllers/message.controller.ts
FN:14,(anonymous_1)
FN:29,(anonymous_2)
FN:46,(anonymous_3)
FN:68,(anonymous_4)
FN:98,(anonymous_5)
FNF:5
FNH:0
FNDA:0,(anonymous_1)
FNDA:0,(anonymous_2)
FNDA:0,(anonymous_3)
FNDA:0,(anonymous_4)
FNDA:0,(anonymous_5)
DA:2,0
DA:3,0
DA:6,0
DA:14,0
DA:19,0
DA:20,0
DA:23,0
DA:25,0
DA:29,0
DA:34,0
DA:35,0
DA:40,0
DA:42,0
DA:46,0
DA:51,0
DA:53,0
DA:54,0
DA:58,0
DA:59,0
DA:62,0
DA:64,0
DA:68,0
DA:73,0
DA:75,0
DA:76,0
DA:80,0
DA:81,0
DA:84,0
DA:92,0
DA:94,0
DA:98,0
DA:103,0
DA:105,0
DA:106,0
DA:110,0
DA:111,0
DA:114,0
DA:118,0
DA:120,0
LF:39
LH:0
BRDA:58,0,0,0
BRDA:58,0,1,0
BRDA:80,1,0,0
BRDA:80,1,1,0
BRDA:110,2,0,0
BRDA:110,2,1,0
BRF:6
BRH:0
end_of_record
TN:
SF:controllers/municipalEvent.controller.ts
FN:14,(anonymous_1)
FN:29,(anonymous_2)
FN:46,(anonymous_3)
FN:68,(anonymous_4)
FN:98,(anonymous_5)
FNF:5
FNH:0
FNDA:0,(anonymous_1)
FNDA:0,(anonymous_2)
FNDA:0,(anonymous_3)
FNDA:0,(anonymous_4)
FNDA:0,(anonymous_5)
DA:2,0
DA:3,0
DA:6,0
DA:14,0
DA:19,0
DA:20,0
DA:23,0
DA:25,0
DA:29,0
DA:34,0
DA:35,0
DA:40,0
DA:42,0
DA:46,0
DA:51,0
DA:53,0
DA:54,0
DA:58,0
DA:59,0
DA:62,0
DA:64,0
DA:68,0
DA:73,0
DA:75,0
DA:76,0
DA:80,0
DA:81,0
DA:84,0
DA:92,0
DA:94,0
DA:98,0
DA:103,0
DA:105,0
DA:106,0
DA:110,0
DA:111,0
DA:114,0
DA:118,0
DA:122,0
LF:39
LH:0
BRDA:58,0,0,0
BRDA:58,0,1,0
BRDA:80,1,0,0
BRDA:80,1,1,0
BRDA:110,2,0,0
BRDA:110,2,1,0
BRF:6
BRH:0
end_of_record
TN:
SF:controllers/notification.controller.ts
FN:14,(anonymous_1)
FN:29,(anonymous_2)
FN:46,(anonymous_3)
FN:67,(anonymous_4)
FN:89,(anonymous_5)
FN:119,(anonymous_6)
FNF:6
FNH:0
FNDA:0,(anonymous_1)
FNDA:0,(anonymous_2)
FNDA:0,(anonymous_3)
FNDA:0,(anonymous_4)
FNDA:0,(anonymous_5)
FNDA:0,(anonymous_6)
DA:2,0
DA:3,0
DA:6,0
DA:14,0
DA:19,0
DA:20,0
DA:23,0
DA:25,0
DA:29,0
DA:34,0
DA:35,0
DA:40,0
DA:42,0
DA:46,0
DA:51,0
DA:52,0
DA:61,0
DA:63,0
DA:67,0
DA:72,0
DA:74,0
DA:75,0
DA:79,0
DA:80,0
DA:83,0
DA:85,0
DA:89,0
DA:94,0
DA:96,0
DA:97,0
DA:101,0
DA:102,0
DA:105,0
DA:113,0
DA:115,0
DA:119,0
DA:124,0
DA:126,0
DA:127,0
DA:131,0
DA:132,0
DA:135,0
DA:139,0
DA:141,0
LF:44
LH:0
BRDA:58,0,0,0
BRDA:58,0,1,0
BRDA:79,1,0,0
BRDA:79,1,1,0
BRDA:101,2,0,0
BRDA:101,2,1,0
BRDA:131,3,0,0
BRDA:131,3,1,0
BRF:8
BRH:0
end_of_record
TN:
SF:controllers/notificationPreferences.controller.ts
FN:14,(anonymous_1)
FN:31,(anonymous_2)
FN:49,(anonymous_3)
FN:72,(anonymous_4)
FN:104,(anonymous_5)
FNF:5
FNH:0
FNDA:0,(anonymous_1)
FNDA:0,(anonymous_2)
FNDA:0,(anonymous_3)
FNDA:0,(anonymous_4)
FNDA:0,(anonymous_5)
DA:2,0
DA:3,0
DA:6,0
DA:14,0
DA:19,0
DA:20,0
DA:25,0
DA:27,0
DA:31,0
DA:36,0
DA:38,0
DA:43,0
DA:45,0
DA:49,0
DA:54,0
DA:56,0
DA:58,0
DA:62,0
DA:63,0
DA:66,0
DA:68,0
DA:72,0
DA:77,0
DA:79,0
DA:81,0
DA:85,0
DA:86,0
DA:90,0
DA:98,0
DA:100,0
DA:104,0
DA:109,0
DA:111,0
DA:113,0
DA:117,0
DA:118,0
DA:121,0
DA:125,0
DA:129,0
LF:39
LH:0
BRDA:62,0,0,0
BRDA:62,0,1,0
BRDA:85,1,0,0
BRDA:85,1,1,0
BRDA:117,2,0,0
BRDA:117,2,1,0
BRF:6
BRH:0
end_of_record
TN:
SF:controllers/projectMember.controller.ts
FN:14,(anonymous_1)
FN:29,(anonymous_2)
FN:46,(anonymous_3)
FN:68,(anonymous_4)
FN:98,(anonymous_5)
FNF:5
FNH:0
FNDA:0,(anonymous_1)
FNDA:0,(anonymous_2)
FNDA:0,(anonymous_3)
FNDA:0,(anonymous_4)
FNDA:0,(anonymous_5)
DA:2,0
DA:3,0
DA:6,0
DA:14,0
DA:19,0
DA:20,0
DA:23,0
DA:25,0
DA:29,0
DA:34,0
DA:35,0
DA:40,0
DA:42,0
DA:46,0
DA:51,0
DA:53,0
DA:54,0
DA:58,0
DA:59,0
DA:62,0
DA:64,0
DA:68,0
DA:73,0
DA:75,0
DA:76,0
DA:80,0
DA:81,0
DA:84,0
DA:92,0
DA:94,0
DA:98,0
DA:103,0
DA:105,0
DA:106,0
DA:110,0
DA:111,0
DA:114,0
DA:118,0
DA:120,0
LF:39
LH:0
BRDA:58,0,0,0
BRDA:58,0,1,0
BRDA:80,1,0,0
BRDA:80,1,1,0
BRDA:110,2,0,0
BRDA:110,2,1,0
BRF:6
BRH:0
end_of_record
TN:
SF:controllers/projectTask.controller.ts
FN:14,(anonymous_1)
FN:29,(anonymous_2)
FN:46,(anonymous_3)
FN:68,(anonymous_4)
FN:98,(anonymous_5)
FNF:5
FNH:0
FNDA:0,(anonymous_1)
FNDA:0,(anonymous_2)
FNDA:0,(anonymous_3)
FNDA:0,(anonymous_4)
FNDA:0,(anonymous_5)
DA:2,0
DA:3,0
DA:6,0
DA:14,0
DA:19,0
DA:20,0
DA:23,0
DA:25,0
DA:29,0
DA:34,0
DA:35,0
DA:40,0
DA:42,0
DA:46,0
DA:51,0
DA:53,0
DA:54,0
DA:58,0
DA:59,0
DA:62,0
DA:64,0
DA:68,0
DA:73,0
DA:75,0
DA:76,0
DA:80,0
DA:81,0
DA:84,0
DA:92,0
DA:94,0
DA:98,0
DA:103,0
DA:105,0
DA:106,0
DA:110,0
DA:111,0
DA:114,0
DA:118,0
DA:120,0
LF:39
LH:0
BRDA:58,0,0,0
BRDA:58,0,1,0
BRDA:80,1,0,0
BRDA:80,1,1,0
BRDA:110,2,0,0
BRDA:110,2,1,0
BRF:6
BRH:0
end_of_record
TN:
SF:controllers/resource.controller.ts
FN:14,(anonymous_1)
FN:34,(anonymous_2)
FN:51,(anonymous_3)
FN:73,(anonymous_4)
FN:106,(anonymous_5)
FNF:5
FNH:0
FNDA:0,(anonymous_1)
FNDA:0,(anonymous_2)
FNDA:0,(anonymous_3)
FNDA:0,(anonymous_4)
FNDA:0,(anonymous_5)
DA:2,0
DA:3,0
DA:6,0
DA:14,0
DA:19,0
DA:20,0
DA:28,0
DA:30,0
DA:34,0
DA:39,0
DA:40,0
DA:45,0
DA:47,0
DA:51,0
DA:56,0
DA:58,0
DA:59,0
DA:63,0
DA:64,0
DA:67,0
DA:69,0
DA:73,0
DA:78,0
DA:80,0
DA:81,0
DA:85,0
DA:86,0
DA:89,0
DA:100,0
DA:102,0
DA:106,0
DA:111,0
DA:113,0
DA:114,0
DA:118,0
DA:119,0
DA:122,0
DA:126,0
DA:128,0
LF:39
LH:0
BRDA:63,0,0,0
BRDA:63,0,1,0
BRDA:85,1,0,0
BRDA:85,1,1,0
BRDA:118,2,0,0
BRDA:118,2,1,0
BRF:6
BRH:0
end_of_record
TN:
SF:controllers/satisfactionSurvey.controller.ts
FN:14,(anonymous_1)
FN:31,(anonymous_2)
FN:48,(anonymous_3)
FN:70,(anonymous_4)
FN:100,(anonymous_5)
FNF:5
FNH:0
FNDA:0,(anonymous_1)
FNDA:0,(anonymous_2)
FNDA:0,(anonymous_3)
FNDA:0,(anonymous_4)
FNDA:0,(anonymous_5)
DA:2,0
DA:3,0
DA:6,0
DA:14,0
DA:19,0
DA:20,0
DA:25,0
DA:27,0
DA:31,0
DA:36,0
DA:37,0
DA:42,0
DA:44,0
DA:48,0
DA:53,0
DA:55,0
DA:56,0
DA:60,0
DA:61,0
DA:64,0
DA:66,0
DA:70,0
DA:75,0
DA:77,0
DA:78,0
DA:82,0
DA:83,0
DA:86,0
DA:94,0
DA:96,0
DA:100,0
DA:105,0
DA:107,0
DA:108,0
DA:112,0
DA:113,0
DA:116,0
DA:120,0
DA:124,0
LF:39
LH:0
BRDA:60,0,0,0
BRDA:60,0,1,0
BRDA:82,1,0,0
BRDA:82,1,1,0
BRDA:112,2,0,0
BRDA:112,2,1,0
BRF:6
BRH:0
end_of_record
TN:
SF:controllers/serviceCompleted.controller.ts
FN:14,(anonymous_1)
FN:31,(anonymous_2)
FN:48,(anonymous_3)
FN:70,(anonymous_4)
FN:100,(anonymous_5)
FNF:5
FNH:0
FNDA:0,(anonymous_1)
FNDA:0,(anonymous_2)
FNDA:0,(anonymous_3)
FNDA:0,(anonymous_4)
FNDA:0,(anonymous_5)
DA:2,0
DA:3,0
DA:6,0
DA:14,0
DA:19,0
DA:20,0
DA:25,0
DA:27,0
DA:31,0
DA:36,0
DA:37,0
DA:42,0
DA:44,0
DA:48,0
DA:53,0
DA:55,0
DA:56,0
DA:60,0
DA:61,0
DA:64,0
DA:66,0
DA:70,0
DA:75,0
DA:77,0
DA:78,0
DA:82,0
DA:83,0
DA:86,0
DA:94,0
DA:96,0
DA:100,0
DA:105,0
DA:107,0
DA:108,0
DA:112,0
DA:113,0
DA:116,0
DA:120,0
DA:122,0
LF:39
LH:0
BRDA:60,0,0,0
BRDA:60,0,1,0
BRDA:82,1,0,0
BRDA:82,1,1,0
BRDA:112,2,0,0
BRDA:112,2,1,0
BRF:6
BRH:0
end_of_record
TN:
SF:controllers/serviceRating.controller.ts
FN:14,(anonymous_1)
FN:31,(anonymous_2)
FN:48,(anonymous_3)
FN:70,(anonymous_4)
FN:100,(anonymous_5)
FNF:5
FNH:0
FNDA:0,(anonymous_1)
FNDA:0,(anonymous_2)
FNDA:0,(anonymous_3)
FNDA:0,(anonymous_4)
FNDA:0,(anonymous_5)
DA:2,0
DA:3,0
DA:6,0
DA:14,0
DA:19,0
DA:20,0
DA:25,0
DA:27,0
DA:31,0
DA:36,0
DA:37,0
DA:42,0
DA:44,0
DA:48,0
DA:53,0
DA:55,0
DA:56,0
DA:60,0
DA:61,0
DA:64,0
DA:66,0
DA:70,0
DA:75,0
DA:77,0
DA:78,0
DA:82,0
DA:83,0
DA:86,0
DA:94,0
DA:96,0
DA:100,0
DA:105,0
DA:107,0
DA:108,0
DA:112,0
DA:113,0
DA:116,0
DA:120,0
DA:122,0
LF:39
LH:0
BRDA:60,0,0,0
BRDA:60,0,1,0
BRDA:82,1,0,0
BRDA:82,1,1,0
BRDA:112,2,0,0
BRDA:112,2,1,0
BRF:6
BRH:0
end_of_record
TN:
SF:controllers/surveyResponse.controller.ts
FN:14,(anonymous_1)
FN:32,(anonymous_2)
FN:49,(anonymous_3)
FN:71,(anonymous_4)
FN:102,(anonymous_5)
FNF:5
FNH:0
FNDA:0,(anonymous_1)
FNDA:0,(anonymous_2)
FNDA:0,(anonymous_3)
FNDA:0,(anonymous_4)
FNDA:0,(anonymous_5)
DA:2,0
DA:3,0
DA:6,0
DA:14,0
DA:19,0
DA:20,0
DA:26,0
DA:28,0
DA:32,0
DA:37,0
DA:38,0
DA:43,0
DA:45,0
DA:49,0
DA:54,0
DA:56,0
DA:57,0
DA:61,0
DA:62,0
DA:65,0
DA:67,0
DA:71,0
DA:76,0
DA:78,0
DA:79,0
DA:83,0
DA:84,0
DA:87,0
DA:96,0
DA:98,0
DA:102,0
DA:107,0
DA:109,0
DA:110,0
DA:114,0
DA:115,0
DA:118,0
DA:122,0
DA:126,0
LF:39
LH:0
BRDA:61,0,0,0
BRDA:61,0,1,0
BRDA:83,1,0,0
BRDA:83,1,1,0
BRDA:114,2,0,0
BRDA:114,2,1,0
BRF:6
BRH:0
end_of_record
TN:
SF:controllers/trustCircle.controller.ts
FN:14,(anonymous_1)
FN:31,(anonymous_2)
FN:48,(anonymous_3)
FN:70,(anonymous_4)
FN:100,(anonymous_5)
FNF:5
FNH:0
FNDA:0,(anonymous_1)
FNDA:0,(anonymous_2)
FNDA:0,(anonymous_3)
FNDA:0,(anonymous_4)
FNDA:0,(anonymous_5)
DA:2,0
DA:3,0
DA:6,0
DA:14,0
DA:19,0
DA:20,0
DA:25,0
DA:27,0
DA:31,0
DA:36,0
DA:37,0
DA:42,0
DA:44,0
DA:48,0
DA:53,0
DA:55,0
DA:56,0
DA:60,0
DA:61,0
DA:64,0
DA:66,0
DA:70,0
DA:75,0
DA:77,0
DA:78,0
DA:82,0
DA:83,0
DA:86,0
DA:94,0
DA:96,0
DA:100,0
DA:105,0
DA:107,0
DA:108,0
DA:112,0
DA:113,0
DA:116,0
DA:120,0
DA:124,0
LF:39
LH:0
BRDA:60,0,0,0
BRDA:60,0,1,0
BRDA:82,1,0,0
BRDA:82,1,1,0
BRDA:112,2,0,0
BRDA:112,2,1,0
BRF:6
BRH:0
end_of_record
TN:
SF:controllers/trustedContact.controller.ts
FN:14,(anonymous_1)
FN:31,(anonymous_2)
FN:49,(anonymous_3)
FN:71,(anonymous_4)
FN:101,(anonymous_5)
FNF:5
FNH:0
FNDA:0,(anonymous_1)
FNDA:0,(anonymous_2)
FNDA:0,(anonymous_3)
FNDA:0,(anonymous_4)
FNDA:0,(anonymous_5)
DA:2,0
DA:3,0
DA:6,0
DA:14,0
DA:19,0
DA:20,0
DA:25,0
DA:27,0
DA:31,0
DA:36,0
DA:37,0
DA:43,0
DA:45,0
DA:49,0
DA:54,0
DA:56,0
DA:57,0
DA:61,0
DA:62,0
DA:65,0
DA:67,0
DA:71,0
DA:76,0
DA:78,0
DA:79,0
DA:83,0
DA:84,0
DA:87,0
DA:95,0
DA:97,0
DA:101,0
DA:106,0
DA:108,0
DA:109,0
DA:113,0
DA:114,0
DA:117,0
DA:121,0
DA:125,0
LF:39
LH:0
BRDA:61,0,0,0
BRDA:61,0,1,0
BRDA:83,1,0,0
BRDA:83,1,1,0
BRDA:113,2,0,0
BRDA:113,2,1,0
BRF:6
BRH:0
end_of_record
TN:
SF:controllers/urbanIssueReport.controller.ts
FN:14,(anonymous_1)
FN:31,(anonymous_2)
FN:48,(anonymous_3)
FN:70,(anonymous_4)
FN:100,(anonymous_5)
FNF:5
FNH:0
FNDA:0,(anonymous_1)
FNDA:0,(anonymous_2)
FNDA:0,(anonymous_3)
FNDA:0,(anonymous_4)
FNDA:0,(anonymous_5)
DA:2,0
DA:3,0
DA:6,0
DA:14,0
DA:19,0
DA:20,0
DA:25,0
DA:27,0
DA:31,0
DA:36,0
DA:37,0
DA:42,0
DA:44,0
DA:48,0
DA:53,0
DA:55,0
DA:56,0
DA:60,0
DA:61,0
DA:64,0
DA:66,0
DA:70,0
DA:75,0
DA:77,0
DA:78,0
DA:82,0
DA:83,0
DA:86,0
DA:94,0
DA:96,0
DA:100,0
DA:105,0
DA:107,0
DA:108,0
DA:112,0
DA:113,0
DA:116,0
DA:120,0
DA:124,0
LF:39
LH:0
BRDA:60,0,0,0
BRDA:60,0,1,0
BRDA:82,1,0,0
BRDA:82,1,1,0
BRDA:112,2,0,0
BRDA:112,2,1,0
BRF:6
BRH:0
end_of_record
TN:
SF:controllers/userActivity.controller.ts
FN:14,(anonymous_1)
FN:31,(anonymous_2)
FN:48,(anonymous_3)
FN:70,(anonymous_4)
FN:100,(anonymous_5)
FNF:5
FNH:0
FNDA:0,(anonymous_1)
FNDA:0,(anonymous_2)
FNDA:0,(anonymous_3)
FNDA:0,(anonymous_4)
FNDA:0,(anonymous_5)
DA:2,0
DA:3,0
DA:6,0
DA:14,0
DA:19,0
DA:20,0
DA:25,0
DA:27,0
DA:31,0
DA:36,0
DA:37,0
DA:42,0
DA:44,0
DA:48,0
DA:53,0
DA:55,0
DA:56,0
DA:60,0
DA:61,0
DA:64,0
DA:66,0
DA:70,0
DA:75,0
DA:77,0
DA:78,0
DA:82,0
DA:83,0
DA:86,0
DA:94,0
DA:96,0
DA:100,0
DA:105,0
DA:107,0
DA:108,0
DA:112,0
DA:113,0
DA:116,0
DA:120,0
DA:124,0
LF:39
LH:0
BRDA:60,0,0,0
BRDA:60,0,1,0
BRDA:82,1,0,0
BRDA:82,1,1,0
BRDA:112,2,0,0
BRDA:112,2,1,0
BRF:6
BRH:0
end_of_record
TN:
SF:controllers/userBadge.controller.ts
FN:14,(anonymous_1)
FN:31,(anonymous_2)
FN:48,(anonymous_3)
FN:70,(anonymous_4)
FN:100,(anonymous_5)
FNF:5
FNH:0
FNDA:0,(anonymous_1)
FNDA:0,(anonymous_2)
FNDA:0,(anonymous_3)
FNDA:0,(anonymous_4)
FNDA:0,(anonymous_5)
DA:2,0
DA:3,0
DA:6,0
DA:14,0
DA:19,0
DA:20,0
DA:25,0
DA:27,0
DA:31,0
DA:36,0
DA:37,0
DA:42,0
DA:44,0
DA:48,0
DA:53,0
DA:55,0
DA:56,0
DA:60,0
DA:61,0
DA:64,0
DA:66,0
DA:70,0
DA:75,0
DA:77,0
DA:78,0
DA:82,0
DA:83,0
DA:86,0
DA:94,0
DA:96,0
DA:100,0
DA:105,0
DA:107,0
DA:108,0
DA:112,0
DA:113,0
DA:116,0
DA:120,0
DA:122,0
LF:39
LH:0
BRDA:60,0,0,0
BRDA:60,0,1,0
BRDA:82,1,0,0
BRDA:82,1,1,0
BRDA:112,2,0,0
BRDA:112,2,1,0
BRF:6
BRH:0
end_of_record
TN:
SF:controllers/userContacts.controller.ts
FN:14,(anonymous_1)
FN:35,(anonymous_2)
FN:57,(anonymous_3)
FN:79,(anonymous_4)
FN:109,(anonymous_5)
FN:137,(anonymous_6)
FNF:6
FNH:6
FNDA:2,(anonymous_1)
FNDA:2,(anonymous_2)
FNDA:2,(anonymous_3)
FNDA:3,(anonymous_4)
FNDA:3,(anonymous_5)
FNDA:2,(anonymous_6)
DA:2,1
DA:3,1
DA:6,1
DA:14,1
DA:19,2
DA:21,2
DA:22,2
DA:29,1
DA:31,1
DA:35,1
DA:40,2
DA:42,2
DA:43,2
DA:51,1
DA:53,1
DA:57,1
DA:62,2
DA:64,2
DA:65,2
DA:69,2
DA:70,1
DA:73,1
DA:75,1
DA:79,1
DA:84,3
DA:86,3
DA:87,3
DA:91,3
DA:92,1
DA:95,2
DA:103,1
DA:105,2
DA:109,1
DA:114,3
DA:116,3
DA:117,3
DA:121,3
DA:122,1
DA:125,2
DA:129,1
DA:133,2
DA:137,1
DA:142,2
DA:144,2
DA:145,2
DA:149,1
DA:153,1
LF:47
LH:47
BRDA:69,0,0,1
BRDA:69,0,1,1
BRDA:91,1,0,1
BRDA:91,1,1,2
BRDA:121,2,0,1
BRDA:121,2,1,2
BRF:6
BRH:6
end_of_record
TN:
SF:controllers/userDevice.controller.ts
FN:14,(anonymous_1)
FN:31,(anonymous_2)
FN:48,(anonymous_3)
FN:70,(anonymous_4)
FN:100,(anonymous_5)
FNF:5
FNH:0
FNDA:0,(anonymous_1)
FNDA:0,(anonymous_2)
FNDA:0,(anonymous_3)
FNDA:0,(anonymous_4)
FNDA:0,(anonymous_5)
DA:2,0
DA:3,0
DA:6,0
DA:14,0
DA:19,0
DA:20,0
DA:25,0
DA:27,0
DA:31,0
DA:36,0
DA:37,0
DA:42,0
DA:44,0
DA:48,0
DA:53,0
DA:55,0
DA:56,0
DA:60,0
DA:61,0
DA:64,0
DA:66,0
DA:70,0
DA:75,0
DA:77,0
DA:78,0
DA:82,0
DA:83,0
DA:86,0
DA:94,0
DA:96,0
DA:100,0
DA:105,0
DA:107,0
DA:108,0
DA:112,0
DA:113,0
DA:116,0
DA:120,0
DA:124,0
LF:39
LH:0
BRDA:60,0,0,0
BRDA:60,0,1,0
BRDA:82,1,0,0
BRDA:82,1,1,0
BRDA:112,2,0,0
BRDA:112,2,1,0
BRF:6
BRH:0
end_of_record
TN:
SF:controllers/userPreferences.controller.ts
FN:14,(anonymous_1)
FN:31,(anonymous_2)
FN:53,(anonymous_3)
FN:83,(anonymous_4)
FNF:4
FNH:0
FNDA:0,(anonymous_1)
FNDA:0,(anonymous_2)
FNDA:0,(anonymous_3)
FNDA:0,(anonymous_4)
DA:2,0
DA:3,0
DA:6,0
DA:14,0
DA:19,0
DA:20,0
DA:25,0
DA:27,0
DA:31,0
DA:36,0
DA:38,0
DA:39,0
DA:43,0
DA:44,0
DA:47,0
DA:49,0
DA:53,0
DA:58,0
DA:60,0
DA:61,0
DA:65,0
DA:66,0
DA:69,0
DA:77,0
DA:79,0
DA:83,0
DA:88,0
DA:90,0
DA:91,0
DA:95,0
DA:96,0
DA:99,0
DA:103,0
DA:107,0
LF:34
LH:0
BRDA:43,0,0,0
BRDA:43,0,1,0
BRDA:65,1,0,0
BRDA:65,1,1,0
BRDA:95,2,0,0
BRDA:95,2,1,0
BRF:6
BRH:0
end_of_record
TN:
SF:controllers/userSkill.controller.ts
FN:14,(anonymous_1)
FN:31,(anonymous_2)
FN:48,(anonymous_3)
FN:70,(anonymous_4)
FN:100,(anonymous_5)
FNF:5
FNH:0
FNDA:0,(anonymous_1)
FNDA:0,(anonymous_2)
FNDA:0,(anonymous_3)
FNDA:0,(anonymous_4)
FNDA:0,(anonymous_5)
DA:2,0
DA:3,0
DA:6,0
DA:14,0
DA:19,0
DA:20,0
DA:25,0
DA:27,0
DA:31,0
DA:36,0
DA:37,0
DA:42,0
DA:44,0
DA:48,0
DA:53,0
DA:55,0
DA:56,0
DA:60,0
DA:61,0
DA:64,0
DA:66,0
DA:70,0
DA:75,0
DA:77,0
DA:78,0
DA:82,0
DA:83,0
DA:86,0
DA:94,0
DA:96,0
DA:100,0
DA:105,0
DA:107,0
DA:108,0
DA:112,0
DA:113,0
DA:116,0
DA:120,0
DA:124,0
LF:39
LH:0
BRDA:60,0,0,0
BRDA:60,0,1,0
BRDA:82,1,0,0
BRDA:82,1,1,0
BRDA:112,2,0,0
BRDA:112,2,1,0
BRF:6
BRH:0
end_of_record
TN:
SF:controllers/userStatistics.controller.ts
FN:14,(anonymous_1)
FN:31,(anonymous_2)
FN:48,(anonymous_3)
FN:70,(anonymous_4)
FN:100,(anonymous_5)
FNF:5
FNH:0
FNDA:0,(anonymous_1)
FNDA:0,(anonymous_2)
FNDA:0,(anonymous_3)
FNDA:0,(anonymous_4)
FNDA:0,(anonymous_5)
DA:2,0
DA:3,0
DA:6,0
DA:14,0
DA:19,0
DA:20,0
DA:25,0
DA:27,0
DA:31,0
DA:36,0
DA:37,0
DA:42,0
DA:44,0
DA:48,0
DA:53,0
DA:55,0
DA:56,0
DA:60,0
DA:61,0
DA:64,0
DA:66,0
DA:70,0
DA:75,0
DA:77,0
DA:78,0
DA:82,0
DA:83,0
DA:86,0
DA:94,0
DA:96,0
DA:100,0
DA:105,0
DA:107,0
DA:108,0
DA:112,0
DA:113,0
DA:116,0
DA:120,0
DA:124,0
LF:39
LH:0
BRDA:60,0,0,0
BRDA:60,0,1,0
BRDA:82,1,0,0
BRDA:82,1,1,0
BRDA:112,2,0,0
BRDA:112,2,1,0
BRF:6
BRH:0
end_of_record
TN:
SF:controllers/videoCall.controller.ts
FN:14,(anonymous_1)
FN:31,(anonymous_2)
FN:48,(anonymous_3)
FN:70,(anonymous_4)
FN:100,(anonymous_5)
FNF:5
FNH:0
FNDA:0,(anonymous_1)
FNDA:0,(anonymous_2)
FNDA:0,(anonymous_3)
FNDA:0,(anonymous_4)
FNDA:0,(anonymous_5)
DA:2,0
DA:3,0
DA:6,0
DA:14,0
DA:19,0
DA:20,0
DA:25,0
DA:27,0
DA:31,0
DA:36,0
DA:37,0
DA:42,0
DA:44,0
DA:48,0
DA:53,0
DA:55,0
DA:56,0
DA:60,0
DA:61,0
DA:64,0
DA:66,0
DA:70,0
DA:75,0
DA:77,0
DA:78,0
DA:82,0
DA:83,0
DA:86,0
DA:94,0
DA:96,0
DA:100,0
DA:105,0
DA:107,0
DA:108,0
DA:112,0
DA:113,0
DA:116,0
DA:120,0
DA:122,0
LF:39
LH:0
BRDA:60,0,0,0
BRDA:60,0,1,0
BRDA:82,1,0,0
BRDA:82,1,1,0
BRDA:112,2,0,0
BRDA:112,2,1,0
BRF:6
BRH:0
end_of_record
TN:
SF:controllers/weather.controller.ts
FN:10,(anonymous_1)
FN:39,(anonymous_2)
FNF:2
FNH:0
FNDA:0,(anonymous_1)
FNDA:0,(anonymous_2)
DA:2,0
DA:3,0
DA:10,0
DA:11,0
DA:12,0
DA:13,0
DA:15,0
DA:16,0
DA:21,0
DA:23,0
DA:36,0
DA:37,0
DA:39,0
DA:49,0
DA:60,0
DA:61,0
LF:16
LH:0
BRDA:15,0,0,0
BRDA:15,0,1,0
BRDA:15,1,0,0
BRDA:15,1,1,0
BRF:4
BRH:0
end_of_record
TN:
SF:controllers/wellnessGoal.controller.ts
FN:14,(anonymous_1)
FN:31,(anonymous_2)
FN:48,(anonymous_3)
FN:70,(anonymous_4)
FN:100,(anonymous_5)
FNF:5
FNH:0
FNDA:0,(anonymous_1)
FNDA:0,(anonymous_2)
FNDA:0,(anonymous_3)
FNDA:0,(anonymous_4)
FNDA:0,(anonymous_5)
DA:2,0
DA:3,0
DA:6,0
DA:14,0
DA:19,0
DA:20,0
DA:25,0
DA:27,0
DA:31,0
DA:36,0
DA:37,0
DA:42,0
DA:44,0
DA:48,0
DA:53,0
DA:55,0
DA:56,0
DA:60,0
DA:61,0
DA:64,0
DA:66,0
DA:70,0
DA:75,0
DA:77,0
DA:78,0
DA:82,0
DA:83,0
DA:86,0
DA:94,0
DA:96,0
DA:100,0
DA:105,0
DA:107,0
DA:108,0
DA:112,0
DA:113,0
DA:116,0
DA:120,0
DA:124,0
LF:39
LH:0
BRDA:60,0,0,0
BRDA:60,0,1,0
BRDA:82,1,0,0
BRDA:82,1,1,0
BRDA:112,2,0,0
BRDA:112,2,1,0
BRF:6
BRH:0
end_of_record
TN:
SF:controllers/wellnessGoalProgress.controller.ts
FN:14,(anonymous_1)
FN:31,(anonymous_2)
FN:48,(anonymous_3)
FN:70,(anonymous_4)
FN:101,(anonymous_5)
FNF:5
FNH:0
FNDA:0,(anonymous_1)
FNDA:0,(anonymous_2)
FNDA:0,(anonymous_3)
FNDA:0,(anonymous_4)
FNDA:0,(anonymous_5)
DA:2,0
DA:3,0
DA:6,0
DA:14,0
DA:19,0
DA:20,0
DA:25,0
DA:27,0
DA:31,0
DA:36,0
DA:37,0
DA:42,0
DA:44,0
DA:48,0
DA:53,0
DA:55,0
DA:56,0
DA:60,0
DA:61,0
DA:64,0
DA:66,0
DA:70,0
DA:75,0
DA:77,0
DA:78,0
DA:82,0
DA:83,0
DA:87,0
DA:95,0
DA:97,0
DA:101,0
DA:106,0
DA:108,0
DA:109,0
DA:113,0
DA:114,0
DA:117,0
DA:121,0
DA:125,0
LF:39
LH:0
BRDA:60,0,0,0
BRDA:60,0,1,0
BRDA:82,1,0,0
BRDA:82,1,1,0
BRDA:113,2,0,0
BRDA:113,2,1,0
BRF:6
BRH:0
end_of_record
TN:
SF:controllers/activities/activity.controller.ts
FN:9,(anonymous_1)
FN:25,(anonymous_2)
FN:41,(anonymous_3)
FN:63,(anonymous_4)
FN:93,(anonymous_5)
FNF:5
FNH:0
FNDA:0,(anonymous_1)
FNDA:0,(anonymous_2)
FNDA:0,(anonymous_3)
FNDA:0,(anonymous_4)
FNDA:0,(anonymous_5)
DA:2,0
DA:4,0
DA:7,0
DA:9,0
DA:14,0
DA:15,0
DA:19,0
DA:21,0
DA:25,0
DA:30,0
DA:31,0
DA:35,0
DA:37,0
DA:41,0
DA:46,0
DA:47,0
DA:49,0
DA:53,0
DA:54,0
DA:57,0
DA:59,0
DA:63,0
DA:68,0
DA:70,0
DA:71,0
DA:75,0
DA:76,0
DA:79,0
DA:87,0
DA:89,0
DA:93,0
DA:98,0
DA:99,0
DA:101,0
DA:105,0
DA:106,0
DA:109,0
DA:113,0
DA:115,0
LF:39
LH:0
BRDA:53,0,0,0
BRDA:53,0,1,0
BRDA:75,1,0,0
BRDA:75,1,1,0
BRDA:105,2,0,0
BRDA:105,2,1,0
BRF:6
BRH:0
end_of_record
TN:
SF:controllers/activities/activityLog.controller.ts
FN:16,(anonymous_1)
FN:31,(anonymous_2)
FN:49,(anonymous_3)
FN:71,(anonymous_4)
FN:100,(anonymous_5)
FNF:5
FNH:0
FNDA:0,(anonymous_1)
FNDA:0,(anonymous_2)
FNDA:0,(anonymous_3)
FNDA:0,(anonymous_4)
FNDA:0,(anonymous_5)
DA:2,0
DA:4,0
DA:7,0
DA:16,0
DA:21,0
DA:22,0
DA:25,0
DA:27,0
DA:31,0
DA:36,0
DA:37,0
DA:43,0
DA:45,0
DA:49,0
DA:54,0
DA:56,0
DA:57,0
DA:61,0
DA:62,0
DA:65,0
DA:67,0
DA:71,0
DA:76,0
DA:78,0
DA:79,0
DA:83,0
DA:84,0
DA:87,0
DA:94,0
DA:96,0
DA:100,0
DA:105,0
DA:107,0
DA:108,0
DA:112,0
DA:113,0
DA:116,0
DA:121,0
DA:123,0
LF:39
LH:0
BRDA:61,0,0,0
BRDA:61,0,1,0
BRDA:83,1,0,0
BRDA:83,1,1,0
BRDA:112,2,0,0
BRDA:112,2,1,0
BRF:6
BRH:0
end_of_record
TN:
SF:controllers/activities/activityRegistration.controller.ts
FN:16,(anonymous_1)
FN:31,(anonymous_2)
FN:49,(anonymous_3)
FN:71,(anonymous_4)
FN:100,(anonymous_5)
FNF:5
FNH:0
FNDA:0,(anonymous_1)
FNDA:0,(anonymous_2)
FNDA:0,(anonymous_3)
FNDA:0,(anonymous_4)
FNDA:0,(anonymous_5)
DA:2,0
DA:4,0
DA:7,0
DA:16,0
DA:21,0
DA:22,0
DA:25,0
DA:27,0
DA:31,0
DA:36,0
DA:37,0
DA:43,0
DA:45,0
DA:49,0
DA:54,0
DA:56,0
DA:57,0
DA:61,0
DA:62,0
DA:65,0
DA:67,0
DA:71,0
DA:76,0
DA:78,0
DA:79,0
DA:83,0
DA:84,0
DA:87,0
DA:94,0
DA:96,0
DA:100,0
DA:105,0
DA:107,0
DA:108,0
DA:112,0
DA:113,0
DA:116,0
DA:121,0
DA:123,0
LF:39
LH:0
BRDA:61,0,0,0
BRDA:61,0,1,0
BRDA:83,1,0,0
BRDA:83,1,1,0
BRDA:112,2,0,0
BRDA:112,2,1,0
BRF:6
BRH:0
end_of_record
TN:
SF:controllers/categories/category.meta.controller.ts
FN:6,getCategoryChapters
FN:25,getCategoryChapterById
FN:44,getCategoryTypes
FN:63,getCategoryTypeById
FN:83,getCategories
FN:115,(anonymous_5)
FN:132,getCategoryById
FN:167,createCategory
FN:194,updateCategory
FN:221,deleteCategory
FNF:10
FNH:0
FNDA:0,getCategoryChapters
FNDA:0,getCategoryChapterById
FNDA:0,getCategoryTypes
FNDA:0,getCategoryTypeById
FNDA:0,getCategories
FNDA:0,(anonymous_5)
FNDA:0,getCategoryById
FNDA:0,createCategory
FNDA:0,updateCategory
FNDA:0,deleteCategory
DA:2,0
DA:4,0
DA:6,0
DA:11,0
DA:12,0
DA:19,0
DA:21,0
DA:25,0
DA:30,0
DA:31,0
DA:38,0
DA:40,0
DA:44,0
DA:49,0
DA:50,0
DA:57,0
DA:59,0
DA:63,0
DA:68,0
DA:69,0
DA:76,0
DA:78,0
DA:83,0
DA:89,0
DA:90,0
DA:115,0
DA:125,0
DA:127,0
DA:132,0
DA:137,0
DA:138,0
DA:157,0
DA:158,0
DA:161,0
DA:163,0
DA:167,0
DA:172,0
DA:173,0
DA:175,0
DA:188,0
DA:190,0
DA:194,0
DA:199,0
DA:200,0
DA:201,0
DA:203,0
DA:215,0
DA:217,0
DA:221,0
DA:226,0
DA:227,0
DA:229,0
DA:233,0
DA:235,0
LF:54
LH:0
BRDA:19,0,0,0
BRDA:19,0,1,0
BRDA:38,1,0,0
BRDA:38,1,1,0
BRDA:57,2,0,0
BRDA:57,2,1,0
BRDA:76,3,0,0
BRDA:76,3,1,0
BRDA:157,4,0,0
BRDA:157,4,1,0
BRF:10
BRH:0
end_of_record
TN:
SF:controllers/categories/mood.controller.ts
FN:14,(anonymous_1)
FN:29,(anonymous_2)
FN:46,(anonymous_3)
FN:68,(anonymous_4)
FN:98,(anonymous_5)
FNF:5
FNH:0
FNDA:0,(anonymous_1)
FNDA:0,(anonymous_2)
FNDA:0,(anonymous_3)
FNDA:0,(anonymous_4)
FNDA:0,(anonymous_5)
DA:2,0
DA:3,0
DA:6,0
DA:14,0
DA:19,0
DA:20,0
DA:23,0
DA:25,0
DA:29,0
DA:34,0
DA:35,0
DA:40,0
DA:42,0
DA:46,0
DA:51,0
DA:53,0
DA:54,0
DA:58,0
DA:59,0
DA:62,0
DA:64,0
DA:68,0
DA:73,0
DA:75,0
DA:76,0
DA:80,0
DA:81,0
DA:84,0
DA:92,0
DA:94,0
DA:98,0
DA:103,0
DA:105,0
DA:106,0
DA:110,0
DA:111,0
DA:114,0
DA:118,0
DA:120,0
LF:39
LH:0
BRDA:58,0,0,0
BRDA:58,0,1,0
BRDA:80,1,0,0
BRDA:80,1,1,0
BRDA:110,2,0,0
BRDA:110,2,1,0
BRF:6
BRH:0
end_of_record
